{"/Users/anthony/churchsuite/embed-json-script/src/base.js": {"path":"/Users/anthony/churchsuite/embed-json-script/src/base.js","statementMap":{"0":{"start":{"line":7,"column":20},"end":{"line":9,"column":2}},"1":{"start":{"line":8,"column":2},"end":{"line":8,"column":14}},"2":{"start":{"line":18,"column":21},"end":{"line":36,"column":2}},"3":{"start":{"line":20,"column":2},"end":{"line":20,"column":31}},"4":{"start":{"line":20,"column":24},"end":{"line":20,"column":31}},"5":{"start":{"line":23,"column":2},"end":{"line":23,"column":34}},"6":{"start":{"line":25,"column":16},"end":{"line":25,"column":35}},"7":{"start":{"line":26,"column":18},"end":{"line":26,"column":40}},"8":{"start":{"line":26,"column":35},"end":{"line":26,"column":39}},"9":{"start":{"line":27,"column":2},"end":{"line":35,"column":3}},"10":{"start":{"line":29,"column":3},"end":{"line":32,"column":5}},"11":{"start":{"line":34,"column":3},"end":{"line":34,"column":38}},"12":{"start":{"line":41,"column":15},"end":{"line":43,"column":2}},"13":{"start":{"line":42,"column":2},"end":{"line":42,"column":13}},"14":{"start":{"line":48,"column":23},"end":{"line":50,"column":2}},"15":{"start":{"line":49,"column":2},"end":{"line":49,"column":13}},"16":{"start":{"line":55,"column":16},"end":{"line":60,"column":2}},"17":{"start":{"line":56,"column":2},"end":{"line":58,"column":3}},"18":{"start":{"line":57,"column":3},"end":{"line":57,"column":74}},"19":{"start":{"line":57,"column":50},"end":{"line":57,"column":73}},"20":{"start":{"line":59,"column":2},"end":{"line":59,"column":34}},"21":{"start":{"line":66,"column":15},"end":{"line":89,"column":2}},"22":{"start":{"line":67,"column":15},"end":{"line":67,"column":57}},"23":{"start":{"line":68,"column":14},"end":{"line":68,"column":25}},"24":{"start":{"line":69,"column":15},"end":{"line":69,"column":19}},"25":{"start":{"line":71,"column":2},"end":{"line":82,"column":3}},"26":{"start":{"line":73,"column":3},"end":{"line":73,"column":66}},"27":{"start":{"line":73,"column":30},"end":{"line":73,"column":64}},"28":{"start":{"line":75,"column":3},"end":{"line":75,"column":39}},"29":{"start":{"line":76,"column":9},"end":{"line":82,"column":3}},"30":{"start":{"line":78,"column":3},"end":{"line":78,"column":16}},"31":{"start":{"line":79,"column":9},"end":{"line":82,"column":3}},"32":{"start":{"line":81,"column":3},"end":{"line":81,"column":73}},"33":{"start":{"line":85,"column":2},"end":{"line":85,"column":40}},"34":{"start":{"line":85,"column":22},"end":{"line":85,"column":40}},"35":{"start":{"line":88,"column":2},"end":{"line":88,"column":16}},"36":{"start":{"line":95,"column":2},"end":{"line":95,"column":25}},"37":{"start":{"line":97,"column":2},"end":{"line":97,"column":57}},"38":{"start":{"line":97,"column":37},"end":{"line":97,"column":56}},"39":{"start":{"line":99,"column":17},"end":{"line":99,"column":70}},"40":{"start":{"line":101,"column":2},"end":{"line":115,"column":3}},"41":{"start":{"line":103,"column":3},"end":{"line":103,"column":46}},"42":{"start":{"line":104,"column":3},"end":{"line":104,"column":26}},"43":{"start":{"line":106,"column":3},"end":{"line":108,"column":5}},"44":{"start":{"line":107,"column":4},"end":{"line":107,"column":53}},"45":{"start":{"line":111,"column":3},"end":{"line":111,"column":21}},"46":{"start":{"line":112,"column":3},"end":{"line":114,"column":5}},"47":{"start":{"line":113,"column":4},"end":{"line":113,"column":53}},"48":{"start":{"line":117,"column":2},"end":{"line":117,"column":17}},"49":{"start":{"line":119,"column":2},"end":{"line":119,"column":43}},"50":{"start":{"line":119,"column":23},"end":{"line":119,"column":42}},"51":{"start":{"line":125,"column":20},"end":{"line":125,"column":34}},"52":{"start":{"line":131,"column":12},"end":{"line":131,"column":26}},"53":{"start":{"line":135,"column":2},"end":{"line":135,"column":25}},"54":{"start":{"line":136,"column":2},"end":{"line":136,"column":22}},"55":{"start":{"line":137,"column":2},"end":{"line":137,"column":19}},"56":{"start":{"line":138,"column":2},"end":{"line":138,"column":26}},"57":{"start":{"line":141,"column":2},"end":{"line":141,"column":18}},"58":{"start":{"line":142,"column":2},"end":{"line":142,"column":21}}},"fnMap":{"0":{"name":"(anonymous_0)","decl":{"start":{"line":7,"column":20},"end":{"line":7,"column":21}},"loc":{"start":{"line":7,"column":37},"end":{"line":9,"column":2}},"line":7},"1":{"name":"(anonymous_1)","decl":{"start":{"line":18,"column":21},"end":{"line":18,"column":22}},"loc":{"start":{"line":18,"column":64},"end":{"line":36,"column":2}},"line":18},"2":{"name":"(anonymous_2)","decl":{"start":{"line":26,"column":30},"end":{"line":26,"column":31}},"loc":{"start":{"line":26,"column":35},"end":{"line":26,"column":39}},"line":26},"3":{"name":"(anonymous_3)","decl":{"start":{"line":41,"column":15},"end":{"line":41,"column":16}},"loc":{"start":{"line":41,"column":32},"end":{"line":43,"column":2}},"line":41},"4":{"name":"(anonymous_4)","decl":{"start":{"line":48,"column":23},"end":{"line":48,"column":24}},"loc":{"start":{"line":48,"column":35},"end":{"line":50,"column":2}},"line":48},"5":{"name":"(anonymous_5)","decl":{"start":{"line":55,"column":16},"end":{"line":55,"column":17}},"loc":{"start":{"line":55,"column":28},"end":{"line":60,"column":2}},"line":55},"6":{"name":"(anonymous_6)","decl":{"start":{"line":57,"column":39},"end":{"line":57,"column":40}},"loc":{"start":{"line":57,"column":50},"end":{"line":57,"column":73}},"line":57},"7":{"name":"(anonymous_7)","decl":{"start":{"line":66,"column":15},"end":{"line":66,"column":16}},"loc":{"start":{"line":66,"column":30},"end":{"line":89,"column":2}},"line":66},"8":{"name":"(anonymous_8)","decl":{"start":{"line":73,"column":24},"end":{"line":73,"column":25}},"loc":{"start":{"line":73,"column":30},"end":{"line":73,"column":64}},"line":73},"9":{"name":"(anonymous_9)","decl":{"start":{"line":94,"column":1},"end":{"line":94,"column":2}},"loc":{"start":{"line":94,"column":14},"end":{"line":120,"column":2}},"line":94},"10":{"name":"(anonymous_10)","decl":{"start":{"line":97,"column":31},"end":{"line":97,"column":32}},"loc":{"start":{"line":97,"column":37},"end":{"line":97,"column":56}},"line":97},"11":{"name":"(anonymous_11)","decl":{"start":{"line":106,"column":25},"end":{"line":106,"column":26}},"loc":{"start":{"line":106,"column":34},"end":{"line":108,"column":4}},"line":106},"12":{"name":"(anonymous_12)","decl":{"start":{"line":112,"column":20},"end":{"line":112,"column":21}},"loc":{"start":{"line":112,"column":29},"end":{"line":114,"column":4}},"line":112},"13":{"name":"(anonymous_13)","decl":{"start":{"line":119,"column":17},"end":{"line":119,"column":18}},"loc":{"start":{"line":119,"column":23},"end":{"line":119,"column":42}},"line":119},"14":{"name":"(anonymous_14)","decl":{"start":{"line":125,"column":20},"end":{"line":125,"column":21}},"loc":{"start":{"line":125,"column":32},"end":{"line":125,"column":34}},"line":125},"15":{"name":"(anonymous_15)","decl":{"start":{"line":131,"column":12},"end":{"line":131,"column":13}},"loc":{"start":{"line":131,"column":24},"end":{"line":131,"column":26}},"line":131},"16":{"name":"(anonymous_16)","decl":{"start":{"line":133,"column":1},"end":{"line":133,"column":2}},"loc":{"start":{"line":133,"column":15},"end":{"line":143,"column":2}},"line":133}},"branchMap":{"0":{"loc":{"start":{"line":18,"column":46},"end":{"line":18,"column":62}},"type":"default-arg","locations":[{"start":{"line":18,"column":58},"end":{"line":18,"column":62}}],"line":18},"1":{"loc":{"start":{"line":20,"column":2},"end":{"line":20,"column":31}},"type":"if","locations":[{"start":{"line":20,"column":2},"end":{"line":20,"column":31}},{"start":{},"end":{}}],"line":20},"2":{"loc":{"start":{"line":23,"column":14},"end":{"line":23,"column":34}},"type":"binary-expr","locations":[{"start":{"line":23,"column":14},"end":{"line":23,"column":23}},{"start":{"line":23,"column":27},"end":{"line":23,"column":34}}],"line":23},"3":{"loc":{"start":{"line":27,"column":2},"end":{"line":35,"column":3}},"type":"if","locations":[{"start":{"line":27,"column":2},"end":{"line":35,"column":3}},{"start":{},"end":{}}],"line":27},"4":{"loc":{"start":{"line":56,"column":2},"end":{"line":58,"column":3}},"type":"if","locations":[{"start":{"line":56,"column":2},"end":{"line":58,"column":3}},{"start":{},"end":{}}],"line":56},"5":{"loc":{"start":{"line":67,"column":15},"end":{"line":67,"column":57}},"type":"cond-expr","locations":[{"start":{"line":67,"column":38},"end":{"line":67,"column":50}},{"start":{"line":67,"column":53},"end":{"line":67,"column":57}}],"line":67},"6":{"loc":{"start":{"line":71,"column":2},"end":{"line":82,"column":3}},"type":"if","locations":[{"start":{"line":71,"column":2},"end":{"line":82,"column":3}},{"start":{"line":76,"column":9},"end":{"line":82,"column":3}}],"line":71},"7":{"loc":{"start":{"line":73,"column":30},"end":{"line":73,"column":64}},"type":"binary-expr","locations":[{"start":{"line":73,"column":30},"end":{"line":73,"column":37}},{"start":{"line":73,"column":41},"end":{"line":73,"column":50}},{"start":{"line":73,"column":54},"end":{"line":73,"column":64}}],"line":73},"8":{"loc":{"start":{"line":75,"column":12},"end":{"line":75,"column":39}},"type":"cond-expr","locations":[{"start":{"line":75,"column":27},"end":{"line":75,"column":32}},{"start":{"line":75,"column":35},"end":{"line":75,"column":39}}],"line":75},"9":{"loc":{"start":{"line":76,"column":9},"end":{"line":82,"column":3}},"type":"if","locations":[{"start":{"line":76,"column":9},"end":{"line":82,"column":3}},{"start":{"line":79,"column":9},"end":{"line":82,"column":3}}],"line":76},"10":{"loc":{"start":{"line":79,"column":9},"end":{"line":82,"column":3}},"type":"if","locations":[{"start":{"line":79,"column":9},"end":{"line":82,"column":3}},{"start":{},"end":{}}],"line":79},"11":{"loc":{"start":{"line":79,"column":13},"end":{"line":79,"column":65}},"type":"binary-expr","locations":[{"start":{"line":79,"column":13},"end":{"line":79,"column":38}},{"start":{"line":79,"column":42},"end":{"line":79,"column":65}}],"line":79},"12":{"loc":{"start":{"line":81,"column":12},"end":{"line":81,"column":73}},"type":"cond-expr","locations":[{"start":{"line":81,"column":59},"end":{"line":81,"column":66}},{"start":{"line":81,"column":69},"end":{"line":81,"column":73}}],"line":81},"13":{"loc":{"start":{"line":81,"column":12},"end":{"line":81,"column":56}},"type":"binary-expr","locations":[{"start":{"line":81,"column":12},"end":{"line":81,"column":24}},{"start":{"line":81,"column":28},"end":{"line":81,"column":39}},{"start":{"line":81,"column":43},"end":{"line":81,"column":56}}],"line":81},"14":{"loc":{"start":{"line":85,"column":2},"end":{"line":85,"column":40}},"type":"if","locations":[{"start":{"line":85,"column":2},"end":{"line":85,"column":40}},{"start":{},"end":{}}],"line":85},"15":{"loc":{"start":{"line":101,"column":2},"end":{"line":115,"column":3}},"type":"if","locations":[{"start":{"line":101,"column":2},"end":{"line":115,"column":3}},{"start":{"line":109,"column":9},"end":{"line":115,"column":3}}],"line":101}},"s":{"0":4,"1":0,"2":4,"3":3,"4":0,"5":3,"6":3,"7":3,"8":1,"9":3,"10":3,"11":3,"12":4,"13":0,"14":4,"15":0,"16":4,"17":0,"18":0,"19":0,"20":0,"21":4,"22":0,"23":0,"24":0,"25":0,"26":0,"27":0,"28":0,"29":0,"30":0,"31":0,"32":0,"33":0,"34":0,"35":0,"36":0,"37":0,"38":0,"39":0,"40":0,"41":0,"42":0,"43":0,"44":0,"45":0,"46":0,"47":0,"48":0,"49":0,"50":0,"51":4,"52":4,"53":4,"54":4,"55":4,"56":4,"57":4,"58":4},"f":{"0":0,"1":3,"2":1,"3":0,"4":0,"5":0,"6":0,"7":0,"8":0,"9":0,"10":0,"11":0,"12":0,"13":0,"14":0,"15":0,"16":4},"b":{"0":[1],"1":[0,3],"2":[3,1],"3":[3,0],"4":[0,0],"5":[0,0],"6":[0,0],"7":[0,0,0],"8":[0,0],"9":[0,0],"10":[0,0],"11":[0,0],"12":[0,0],"13":[0,0,0],"14":[0,0],"15":[0,0]},"_coverageSchema":"1a1c01bbd47fc00a2c39e90264f33305004495a9","hash":"9fbb4395efb6aea6d832bce6c29a3607d7e23ff0"}
,"/Users/anthony/churchsuite/embed-json-script/src/calendar.js": {"path":"/Users/anthony/churchsuite/embed-json-script/src/calendar.js","statementMap":{"0":{"start":{"line":3,"column":0},"end":{"line":5,"column":2}},"1":{"start":{"line":4,"column":1},"end":{"line":4,"column":65}},"2":{"start":{"line":4,"column":43},"end":{"line":4,"column":64}}},"fnMap":{"0":{"name":"(anonymous_0)","decl":{"start":{"line":3,"column":41},"end":{"line":3,"column":42}},"loc":{"start":{"line":3,"column":47},"end":{"line":5,"column":1}},"line":3},"1":{"name":"(anonymous_1)","decl":{"start":{"line":4,"column":25},"end":{"line":4,"column":26}},"loc":{"start":{"line":4,"column":43},"end":{"line":4,"column":64}},"line":4}},"branchMap":{"0":{"loc":{"start":{"line":4,"column":26},"end":{"line":4,"column":38}},"type":"default-arg","locations":[{"start":{"line":4,"column":36},"end":{"line":4,"column":38}}],"line":4}},"s":{"0":0,"1":0,"2":0},"f":{"0":0,"1":0},"b":{"0":[0]}}
,"/Users/anthony/churchsuite/embed-json-script/src/cdn.js": {"path":"/Users/anthony/churchsuite/embed-json-script/src/cdn.js","statementMap":{},"fnMap":{},"branchMap":{},"s":{},"f":{},"b":{}}
,"/Users/anthony/churchsuite/embed-json-script/src/churches.js": {"path":"/Users/anthony/churchsuite/embed-json-script/src/churches.js","statementMap":{"0":{"start":{"line":3,"column":0},"end":{"line":5,"column":2}},"1":{"start":{"line":4,"column":1},"end":{"line":4,"column":69}},"2":{"start":{"line":4,"column":45},"end":{"line":4,"column":68}}},"fnMap":{"0":{"name":"(anonymous_0)","decl":{"start":{"line":3,"column":41},"end":{"line":3,"column":42}},"loc":{"start":{"line":3,"column":47},"end":{"line":5,"column":1}},"line":3},"1":{"name":"(anonymous_1)","decl":{"start":{"line":4,"column":27},"end":{"line":4,"column":28}},"loc":{"start":{"line":4,"column":45},"end":{"line":4,"column":68}},"line":4}},"branchMap":{"0":{"loc":{"start":{"line":4,"column":28},"end":{"line":4,"column":40}},"type":"default-arg","locations":[{"start":{"line":4,"column":38},"end":{"line":4,"column":40}}],"line":4}},"s":{"0":0,"1":0,"2":0},"f":{"0":0,"1":0},"b":{"0":[0]}}
,"/Users/anthony/churchsuite/embed-json-script/src/cs.js": {"path":"/Users/anthony/churchsuite/embed-json-script/src/cs.js","statementMap":{"0":{"start":{"line":1,"column":12},"end":{"line":1,"column":28}},"1":{"start":{"line":4,"column":22},"end":{"line":4,"column":61}},"2":{"start":{"line":5,"column":0},"end":{"line":5,"column":29}},"3":{"start":{"line":6,"column":0},"end":{"line":6,"column":26}},"4":{"start":{"line":7,"column":0},"end":{"line":7,"column":26}},"5":{"start":{"line":8,"column":0},"end":{"line":8,"column":26}},"6":{"start":{"line":9,"column":0},"end":{"line":9,"column":26}},"7":{"start":{"line":10,"column":0},"end":{"line":10,"column":26}},"8":{"start":{"line":11,"column":0},"end":{"line":11,"column":26}},"9":{"start":{"line":12,"column":0},"end":{"line":12,"column":26}},"10":{"start":{"line":13,"column":0},"end":{"line":13,"column":26}},"11":{"start":{"line":14,"column":0},"end":{"line":14,"column":26}},"12":{"start":{"line":17,"column":14},"end":{"line":17,"column":45}},"13":{"start":{"line":18,"column":0},"end":{"line":18,"column":21}},"14":{"start":{"line":20,"column":0},"end":{"line":20,"column":20}},"15":{"start":{"line":23,"column":0},"end":{"line":23,"column":36}},"16":{"start":{"line":24,"column":0},"end":{"line":26,"column":2}},"17":{"start":{"line":25,"column":1},"end":{"line":25,"column":44}},"18":{"start":{"line":29,"column":0},"end":{"line":29,"column":26}},"19":{"start":{"line":32,"column":0},"end":{"line":32,"column":30}},"20":{"start":{"line":35,"column":0},"end":{"line":35,"column":26}},"21":{"start":{"line":38,"column":0},"end":{"line":150,"column":1}},"22":{"start":{"line":45,"column":22},"end":{"line":45,"column":43}},"23":{"start":{"line":46,"column":2},"end":{"line":48,"column":4}},"24":{"start":{"line":47,"column":3},"end":{"line":47,"column":42}},"25":{"start":{"line":49,"column":2},"end":{"line":49,"column":82}},"26":{"start":{"line":56,"column":19},"end":{"line":56,"column":21}},"27":{"start":{"line":57,"column":2},"end":{"line":60,"column":4}},"28":{"start":{"line":57,"column":14},"end":{"line":57,"column":15}},"29":{"start":{"line":57,"column":29},"end":{"line":60,"column":4}},"30":{"start":{"line":61,"column":2},"end":{"line":61,"column":19}},"31":{"start":{"line":68,"column":13},"end":{"line":68,"column":15}},"32":{"start":{"line":69,"column":2},"end":{"line":69,"column":76}},"33":{"start":{"line":69,"column":14},"end":{"line":69,"column":15}},"34":{"start":{"line":69,"column":29},"end":{"line":69,"column":76}},"35":{"start":{"line":70,"column":2},"end":{"line":70,"column":13}},"36":{"start":{"line":79,"column":16},"end":{"line":79,"column":68}},"37":{"start":{"line":82,"column":15},"end":{"line":82,"column":17}},"38":{"start":{"line":83,"column":2},"end":{"line":85,"column":3}},"39":{"start":{"line":84,"column":3},"end":{"line":84,"column":102}},"40":{"start":{"line":87,"column":12},"end":{"line":87,"column":93}},"41":{"start":{"line":90,"column":16},"end":{"line":90,"column":74}},"42":{"start":{"line":91,"column":19},"end":{"line":91,"column":93}},"43":{"start":{"line":93,"column":2},"end":{"line":109,"column":3}},"44":{"start":{"line":94,"column":3},"end":{"line":94,"column":37}},"45":{"start":{"line":96,"column":3},"end":{"line":108,"column":4}},"46":{"start":{"line":97,"column":22},"end":{"line":97,"column":37}},"47":{"start":{"line":99,"column":5},"end":{"line":105,"column":6}},"48":{"start":{"line":100,"column":6},"end":{"line":104,"column":7}},"49":{"start":{"line":101,"column":7},"end":{"line":101,"column":112}},"50":{"start":{"line":103,"column":7},"end":{"line":103,"column":44}},"51":{"start":{"line":106,"column":5},"end":{"line":106,"column":20}},"52":{"start":{"line":111,"column":2},"end":{"line":111,"column":13}},"53":{"start":{"line":120,"column":19},"end":{"line":120,"column":42}},"54":{"start":{"line":122,"column":2},"end":{"line":122,"column":85}},"55":{"start":{"line":131,"column":17},"end":{"line":131,"column":70}},"56":{"start":{"line":133,"column":2},"end":{"line":137,"column":10}},"57":{"start":{"line":144,"column":2},"end":{"line":148,"column":3}},"58":{"start":{"line":145,"column":3},"end":{"line":145,"column":69}},"59":{"start":{"line":147,"column":3},"end":{"line":147,"column":15}}},"fnMap":{"0":{"name":"(anonymous_0)","decl":{"start":{"line":24,"column":41},"end":{"line":24,"column":42}},"loc":{"start":{"line":24,"column":47},"end":{"line":26,"column":1}},"line":24},"1":{"name":"(anonymous_1)","decl":{"start":{"line":44,"column":1},"end":{"line":44,"column":2}},"loc":{"start":{"line":44,"column":23},"end":{"line":50,"column":2}},"line":44},"2":{"name":"(anonymous_2)","decl":{"start":{"line":46,"column":31},"end":{"line":46,"column":32}},"loc":{"start":{"line":46,"column":45},"end":{"line":48,"column":3}},"line":46},"3":{"name":"(anonymous_3)","decl":{"start":{"line":55,"column":1},"end":{"line":55,"column":2}},"loc":{"start":{"line":55,"column":20},"end":{"line":62,"column":2}},"line":55},"4":{"name":"(anonymous_4)","decl":{"start":{"line":67,"column":1},"end":{"line":67,"column":2}},"loc":{"start":{"line":67,"column":14},"end":{"line":71,"column":2}},"line":67},"5":{"name":"(anonymous_5)","decl":{"start":{"line":77,"column":1},"end":{"line":77,"column":2}},"loc":{"start":{"line":77,"column":37},"end":{"line":112,"column":2}},"line":77},"6":{"name":"(anonymous_6)","decl":{"start":{"line":97,"column":10},"end":{"line":97,"column":11}},"loc":{"start":{"line":97,"column":22},"end":{"line":97,"column":37}},"line":97},"7":{"name":"(anonymous_7)","decl":{"start":{"line":98,"column":10},"end":{"line":98,"column":11}},"loc":{"start":{"line":98,"column":22},"end":{"line":107,"column":5}},"line":98},"8":{"name":"(anonymous_8)","decl":{"start":{"line":119,"column":1},"end":{"line":119,"column":2}},"loc":{"start":{"line":119,"column":37},"end":{"line":123,"column":2}},"line":119},"9":{"name":"(anonymous_9)","decl":{"start":{"line":130,"column":1},"end":{"line":130,"column":2}},"loc":{"start":{"line":130,"column":15},"end":{"line":138,"column":2}},"line":130},"10":{"name":"(anonymous_10)","decl":{"start":{"line":143,"column":1},"end":{"line":143,"column":2}},"loc":{"start":{"line":143,"column":24},"end":{"line":149,"column":2}},"line":143}},"branchMap":{"0":{"loc":{"start":{"line":49,"column":9},"end":{"line":49,"column":82}},"type":"cond-expr","locations":[{"start":{"line":49,"column":47},"end":{"line":49,"column":77}},{"start":{"line":49,"column":80},"end":{"line":49,"column":82}}],"line":49},"1":{"loc":{"start":{"line":77,"column":23},"end":{"line":77,"column":35}},"type":"default-arg","locations":[{"start":{"line":77,"column":33},"end":{"line":77,"column":35}}],"line":77},"2":{"loc":{"start":{"line":79,"column":16},"end":{"line":79,"column":68}},"type":"cond-expr","locations":[{"start":{"line":79,"column":58},"end":{"line":79,"column":63}},{"start":{"line":79,"column":66},"end":{"line":79,"column":68}}],"line":79},"3":{"loc":{"start":{"line":83,"column":2},"end":{"line":85,"column":3}},"type":"if","locations":[{"start":{"line":83,"column":2},"end":{"line":85,"column":3}},{"start":{},"end":{}}],"line":83},"4":{"loc":{"start":{"line":84,"column":12},"end":{"line":84,"column":102}},"type":"cond-expr","locations":[{"start":{"line":84,"column":80},"end":{"line":84,"column":89}},{"start":{"line":84,"column":92},"end":{"line":84,"column":102}}],"line":84},"5":{"loc":{"start":{"line":91,"column":19},"end":{"line":91,"column":93}},"type":"cond-expr","locations":[{"start":{"line":91,"column":61},"end":{"line":91,"column":86}},{"start":{"line":91,"column":89},"end":{"line":91,"column":93}}],"line":91},"6":{"loc":{"start":{"line":91,"column":19},"end":{"line":91,"column":58}},"type":"binary-expr","locations":[{"start":{"line":91,"column":19},"end":{"line":91,"column":46}},{"start":{"line":91,"column":50},"end":{"line":91,"column":58}}],"line":91},"7":{"loc":{"start":{"line":93,"column":2},"end":{"line":109,"column":3}},"type":"if","locations":[{"start":{"line":93,"column":2},"end":{"line":109,"column":3}},{"start":{"line":95,"column":9},"end":{"line":109,"column":3}}],"line":93},"8":{"loc":{"start":{"line":93,"column":6},"end":{"line":93,"column":81}},"type":"binary-expr","locations":[{"start":{"line":93,"column":6},"end":{"line":93,"column":24}},{"start":{"line":93,"column":28},"end":{"line":93,"column":81}}],"line":93},"9":{"loc":{"start":{"line":99,"column":5},"end":{"line":105,"column":6}},"type":"if","locations":[{"start":{"line":99,"column":5},"end":{"line":105,"column":6}},{"start":{},"end":{}}],"line":99},"10":{"loc":{"start":{"line":99,"column":9},"end":{"line":99,"column":48}},"type":"binary-expr","locations":[{"start":{"line":99,"column":9},"end":{"line":99,"column":36}},{"start":{"line":99,"column":40},"end":{"line":99,"column":48}}],"line":99},"11":{"loc":{"start":{"line":133,"column":9},"end":{"line":137,"column":10}},"type":"cond-expr","locations":[{"start":{"line":133,"column":18},"end":{"line":137,"column":3}},{"start":{"line":137,"column":6},"end":{"line":137,"column":10}}],"line":133},"12":{"loc":{"start":{"line":145,"column":10},"end":{"line":145,"column":69}},"type":"binary-expr","locations":[{"start":{"line":145,"column":10},"end":{"line":145,"column":34}},{"start":{"line":145,"column":38},"end":{"line":145,"column":69}}],"line":145}},"s":{"0":0,"1":0,"2":0,"3":0,"4":0,"5":0,"6":0,"7":0,"8":0,"9":0,"10":0,"11":0,"12":0,"13":0,"14":0,"15":0,"16":0,"17":0,"18":0,"19":0,"20":0,"21":0,"22":0,"23":0,"24":0,"25":0,"26":0,"27":0,"28":0,"29":0,"30":0,"31":0,"32":0,"33":0,"34":0,"35":0,"36":0,"37":0,"38":0,"39":0,"40":0,"41":0,"42":0,"43":0,"44":0,"45":0,"46":0,"47":0,"48":0,"49":0,"50":0,"51":0,"52":0,"53":0,"54":0,"55":0,"56":0,"57":0,"58":0,"59":0},"f":{"0":0,"1":0,"2":0,"3":0,"4":0,"5":0,"6":0,"7":0,"8":0,"9":0,"10":0},"b":{"0":[0,0],"1":[0],"2":[0,0],"3":[0,0],"4":[0,0],"5":[0,0],"6":[0,0],"7":[0,0],"8":[0,0],"9":[0,0],"10":[0,0],"11":[0,0],"12":[0,0]}}
,"/Users/anthony/churchsuite/embed-json-script/src/smallgroups.js": {"path":"/Users/anthony/churchsuite/embed-json-script/src/smallgroups.js","statementMap":{"0":{"start":{"line":3,"column":0},"end":{"line":5,"column":2}},"1":{"start":{"line":4,"column":1},"end":{"line":4,"column":65}},"2":{"start":{"line":4,"column":43},"end":{"line":4,"column":64}}},"fnMap":{"0":{"name":"(anonymous_0)","decl":{"start":{"line":3,"column":41},"end":{"line":3,"column":42}},"loc":{"start":{"line":3,"column":47},"end":{"line":5,"column":1}},"line":3},"1":{"name":"(anonymous_1)","decl":{"start":{"line":4,"column":25},"end":{"line":4,"column":26}},"loc":{"start":{"line":4,"column":43},"end":{"line":4,"column":64}},"line":4}},"branchMap":{"0":{"loc":{"start":{"line":4,"column":26},"end":{"line":4,"column":38}},"type":"default-arg","locations":[{"start":{"line":4,"column":36},"end":{"line":4,"column":38}}],"line":4}},"s":{"0":0,"1":0,"2":0},"f":{"0":0,"1":0},"b":{"0":[0]}}
,"/Users/anthony/churchsuite/embed-json-script/src/calendar/CSEvents.js": {"path":"/Users/anthony/churchsuite/embed-json-script/src/calendar/CSEvents.js","statementMap":{"0":{"start":{"line":6,"column":20},"end":{"line":17,"column":2}},"1":{"start":{"line":8,"column":2},"end":{"line":8,"column":66}},"2":{"start":{"line":9,"column":2},"end":{"line":9,"column":44}},"3":{"start":{"line":11,"column":14},"end":{"line":11,"column":30}},"4":{"start":{"line":14,"column":2},"end":{"line":14,"column":66}},"5":{"start":{"line":14,"column":37},"end":{"line":14,"column":66}},"6":{"start":{"line":16,"column":2},"end":{"line":16,"column":14}},"7":{"start":{"line":22,"column":23},"end":{"line":37,"column":2}},"8":{"start":{"line":23,"column":21},"end":{"line":23,"column":47}},"9":{"start":{"line":24,"column":23},"end":{"line":24,"column":51}},"10":{"start":{"line":25,"column":19},"end":{"line":25,"column":43}},"11":{"start":{"line":27,"column":2},"end":{"line":36,"column":3}},"12":{"start":{"line":29,"column":3},"end":{"line":29,"column":34}},"13":{"start":{"line":30,"column":3},"end":{"line":30,"column":15}},"14":{"start":{"line":33,"column":12},"end":{"line":33,"column":29}},"15":{"start":{"line":34,"column":3},"end":{"line":34,"column":85}},"16":{"start":{"line":35,"column":3},"end":{"line":35,"column":14}},"17":{"start":{"line":42,"column":15},"end":{"line":46,"column":2}},"18":{"start":{"line":43,"column":2},"end":{"line":45,"column":34}},"19":{"start":{"line":48,"column":24},"end":{"line":55,"column":2}},"20":{"start":{"line":49,"column":23},"end":{"line":49,"column":51}},"21":{"start":{"line":51,"column":2},"end":{"line":51,"column":41}},"22":{"start":{"line":51,"column":30},"end":{"line":51,"column":41}},"23":{"start":{"line":53,"column":2},"end":{"line":54,"column":61}},"24":{"start":{"line":57,"column":22},"end":{"line":83,"column":2}},"25":{"start":{"line":58,"column":2},"end":{"line":58,"column":37}},"26":{"start":{"line":58,"column":25},"end":{"line":58,"column":37}},"27":{"start":{"line":61,"column":19},"end":{"line":81,"column":47}},"28":{"start":{"line":82,"column":2},"end":{"line":82,"column":47}},"29":{"start":{"line":85,"column":20},"end":{"line":94,"column":2}},"30":{"start":{"line":86,"column":19},"end":{"line":86,"column":43}},"31":{"start":{"line":88,"column":2},"end":{"line":88,"column":37}},"32":{"start":{"line":88,"column":26},"end":{"line":88,"column":37}},"33":{"start":{"line":90,"column":2},"end":{"line":90,"column":47}},"34":{"start":{"line":90,"column":36},"end":{"line":90,"column":47}},"35":{"start":{"line":92,"column":2},"end":{"line":93,"column":52}},"36":{"start":{"line":97,"column":2},"end":{"line":97,"column":21}},"37":{"start":{"line":100,"column":2},"end":{"line":100,"column":55}},"38":{"start":{"line":100,"column":35},"end":{"line":100,"column":54}},"39":{"start":{"line":107,"column":2},"end":{"line":107,"column":9}},"40":{"start":{"line":110,"column":2},"end":{"line":110,"column":50}},"41":{"start":{"line":111,"column":2},"end":{"line":111,"column":64}},"42":{"start":{"line":112,"column":2},"end":{"line":112,"column":34}},"43":{"start":{"line":115,"column":2},"end":{"line":115,"column":18}},"44":{"start":{"line":116,"column":2},"end":{"line":116,"column":24}},"45":{"start":{"line":119,"column":2},"end":{"line":119,"column":22}},"46":{"start":{"line":120,"column":2},"end":{"line":120,"column":22}},"47":{"start":{"line":121,"column":2},"end":{"line":121,"column":27}},"48":{"start":{"line":123,"column":2},"end":{"line":123,"column":20}},"49":{"start":{"line":124,"column":2},"end":{"line":124,"column":25}},"50":{"start":{"line":126,"column":2},"end":{"line":126,"column":18}},"51":{"start":{"line":127,"column":2},"end":{"line":127,"column":23}},"52":{"start":{"line":128,"column":2},"end":{"line":128,"column":17}}},"fnMap":{"0":{"name":"(anonymous_0)","decl":{"start":{"line":6,"column":20},"end":{"line":6,"column":21}},"loc":{"start":{"line":6,"column":37},"end":{"line":17,"column":2}},"line":6},"1":{"name":"(anonymous_1)","decl":{"start":{"line":22,"column":23},"end":{"line":22,"column":24}},"loc":{"start":{"line":22,"column":35},"end":{"line":37,"column":2}},"line":22},"2":{"name":"(anonymous_2)","decl":{"start":{"line":42,"column":15},"end":{"line":42,"column":16}},"loc":{"start":{"line":42,"column":32},"end":{"line":46,"column":2}},"line":42},"3":{"name":"(anonymous_3)","decl":{"start":{"line":48,"column":24},"end":{"line":48,"column":25}},"loc":{"start":{"line":48,"column":41},"end":{"line":55,"column":2}},"line":48},"4":{"name":"(anonymous_4)","decl":{"start":{"line":57,"column":22},"end":{"line":57,"column":23}},"loc":{"start":{"line":57,"column":39},"end":{"line":83,"column":2}},"line":57},"5":{"name":"(anonymous_5)","decl":{"start":{"line":85,"column":20},"end":{"line":85,"column":21}},"loc":{"start":{"line":85,"column":37},"end":{"line":94,"column":2}},"line":85},"6":{"name":"(anonymous_6)","decl":{"start":{"line":96,"column":1},"end":{"line":96,"column":2}},"loc":{"start":{"line":96,"column":14},"end":{"line":101,"column":2}},"line":96},"7":{"name":"(anonymous_7)","decl":{"start":{"line":100,"column":24},"end":{"line":100,"column":25}},"loc":{"start":{"line":100,"column":35},"end":{"line":100,"column":54}},"line":100},"8":{"name":"(anonymous_8)","decl":{"start":{"line":106,"column":1},"end":{"line":106,"column":2}},"loc":{"start":{"line":106,"column":22},"end":{"line":129,"column":2}},"line":106}},"branchMap":{"0":{"loc":{"start":{"line":14,"column":2},"end":{"line":14,"column":66}},"type":"if","locations":[{"start":{"line":14,"column":2},"end":{"line":14,"column":66}},{"start":{},"end":{}}],"line":14},"1":{"loc":{"start":{"line":27,"column":2},"end":{"line":36,"column":3}},"type":"if","locations":[{"start":{"line":27,"column":2},"end":{"line":36,"column":3}},{"start":{"line":31,"column":9},"end":{"line":36,"column":3}}],"line":27},"2":{"loc":{"start":{"line":27,"column":6},"end":{"line":27,"column":67}},"type":"binary-expr","locations":[{"start":{"line":27,"column":6},"end":{"line":27,"column":33}},{"start":{"line":27,"column":37},"end":{"line":27,"column":52}},{"start":{"line":27,"column":56},"end":{"line":27,"column":67}}],"line":27},"3":{"loc":{"start":{"line":27,"column":8},"end":{"line":27,"column":25}},"type":"binary-expr","locations":[{"start":{"line":27,"column":8},"end":{"line":27,"column":19}},{"start":{"line":27,"column":23},"end":{"line":27,"column":25}}],"line":27},"4":{"loc":{"start":{"line":33,"column":12},"end":{"line":33,"column":29}},"type":"binary-expr","locations":[{"start":{"line":33,"column":12},"end":{"line":33,"column":23}},{"start":{"line":33,"column":27},"end":{"line":33,"column":29}}],"line":33},"5":{"loc":{"start":{"line":34,"column":22},"end":{"line":34,"column":85}},"type":"cond-expr","locations":[{"start":{"line":34,"column":33},"end":{"line":34,"column":78}},{"start":{"line":34,"column":81},"end":{"line":34,"column":85}}],"line":34},"6":{"loc":{"start":{"line":43,"column":9},"end":{"line":45,"column":34}},"type":"binary-expr","locations":[{"start":{"line":43,"column":9},"end":{"line":43,"column":41}},{"start":{"line":44,"column":6},"end":{"line":44,"column":36}},{"start":{"line":45,"column":6},"end":{"line":45,"column":34}}],"line":43},"7":{"loc":{"start":{"line":51,"column":2},"end":{"line":51,"column":41}},"type":"if","locations":[{"start":{"line":51,"column":2},"end":{"line":51,"column":41}},{"start":{},"end":{}}],"line":51},"8":{"loc":{"start":{"line":53,"column":9},"end":{"line":54,"column":60}},"type":"binary-expr","locations":[{"start":{"line":53,"column":9},"end":{"line":53,"column":64}},{"start":{"line":54,"column":6},"end":{"line":54,"column":60}}],"line":53},"9":{"loc":{"start":{"line":58,"column":2},"end":{"line":58,"column":37}},"type":"if","locations":[{"start":{"line":58,"column":2},"end":{"line":58,"column":37}},{"start":{},"end":{}}],"line":58},"10":{"loc":{"start":{"line":88,"column":2},"end":{"line":88,"column":37}},"type":"if","locations":[{"start":{"line":88,"column":2},"end":{"line":88,"column":37}},{"start":{},"end":{}}],"line":88},"11":{"loc":{"start":{"line":90,"column":2},"end":{"line":90,"column":47}},"type":"if","locations":[{"start":{"line":90,"column":2},"end":{"line":90,"column":47}},{"start":{},"end":{}}],"line":90},"12":{"loc":{"start":{"line":92,"column":9},"end":{"line":93,"column":52}},"type":"binary-expr","locations":[{"start":{"line":92,"column":9},"end":{"line":92,"column":56}},{"start":{"line":93,"column":6},"end":{"line":93,"column":52}}],"line":92}},"s":{"0":4,"1":0,"2":0,"3":0,"4":0,"5":0,"6":0,"7":4,"8":0,"9":0,"10":0,"11":0,"12":0,"13":0,"14":0,"15":0,"16":0,"17":4,"18":0,"19":4,"20":0,"21":0,"22":0,"23":0,"24":4,"25":0,"26":0,"27":0,"28":0,"29":4,"30":0,"31":0,"32":0,"33":0,"34":0,"35":0,"36":0,"37":0,"38":0,"39":4,"40":4,"41":4,"42":4,"43":4,"44":4,"45":4,"46":4,"47":4,"48":4,"49":4,"50":4,"51":4,"52":4},"f":{"0":0,"1":0,"2":0,"3":0,"4":0,"5":0,"6":0,"7":0,"8":4},"b":{"0":[0,0],"1":[0,0],"2":[0,0,0],"3":[0,0],"4":[0,0],"5":[0,0],"6":[0,0,0],"7":[0,0],"8":[0,0],"9":[0,0],"10":[0,0],"11":[0,0],"12":[0,0]},"_coverageSchema":"1a1c01bbd47fc00a2c39e90264f33305004495a9","hash":"438841ecb429056eb82a30d85cf90854a4368d9c"}
,"/Users/anthony/churchsuite/embed-json-script/src/calendar/event.js": {"path":"/Users/anthony/churchsuite/embed-json-script/src/calendar/event.js","statementMap":{"0":{"start":{"line":9,"column":13},"end":{"line":9,"column":15}},"1":{"start":{"line":10,"column":2},"end":{"line":16,"column":3}},"2":{"start":{"line":12,"column":3},"end":{"line":12,"column":41}},"3":{"start":{"line":13,"column":9},"end":{"line":16,"column":3}},"4":{"start":{"line":15,"column":3},"end":{"line":15,"column":47}},"5":{"start":{"line":18,"column":2},"end":{"line":18,"column":104}},"6":{"start":{"line":19,"column":2},"end":{"line":19,"column":38}},"7":{"start":{"line":20,"column":2},"end":{"line":20,"column":67}},"8":{"start":{"line":21,"column":2},"end":{"line":21,"column":37}},"9":{"start":{"line":22,"column":2},"end":{"line":22,"column":37}},"10":{"start":{"line":23,"column":2},"end":{"line":23,"column":113}},"11":{"start":{"line":24,"column":2},"end":{"line":24,"column":18}},"12":{"start":{"line":25,"column":2},"end":{"line":25,"column":36}},"13":{"start":{"line":26,"column":2},"end":{"line":26,"column":40}},"14":{"start":{"line":27,"column":2},"end":{"line":27,"column":42}},"15":{"start":{"line":28,"column":2},"end":{"line":28,"column":23}},"16":{"start":{"line":29,"column":2},"end":{"line":29,"column":46}},"17":{"start":{"line":30,"column":2},"end":{"line":30,"column":39}},"18":{"start":{"line":31,"column":2},"end":{"line":31,"column":33}},"19":{"start":{"line":32,"column":2},"end":{"line":32,"column":55}},"20":{"start":{"line":33,"column":2},"end":{"line":33,"column":41}},"21":{"start":{"line":35,"column":2},"end":{"line":35,"column":23}}},"fnMap":{"0":{"name":"(anonymous_0)","decl":{"start":{"line":7,"column":1},"end":{"line":7,"column":2}},"loc":{"start":{"line":7,"column":19},"end":{"line":36,"column":2}},"line":7}},"branchMap":{"0":{"loc":{"start":{"line":10,"column":2},"end":{"line":16,"column":3}},"type":"if","locations":[{"start":{"line":10,"column":2},"end":{"line":16,"column":3}},{"start":{"line":13,"column":9},"end":{"line":16,"column":3}}],"line":10},"1":{"loc":{"start":{"line":13,"column":9},"end":{"line":16,"column":3}},"type":"if","locations":[{"start":{"line":13,"column":9},"end":{"line":16,"column":3}},{"start":{},"end":{}}],"line":13},"2":{"loc":{"start":{"line":18,"column":16},"end":{"line":18,"column":104}},"type":"binary-expr","locations":[{"start":{"line":18,"column":16},"end":{"line":18,"column":59}},{"start":{"line":18,"column":63},"end":{"line":18,"column":104}}],"line":18},"3":{"loc":{"start":{"line":20,"column":18},"end":{"line":20,"column":67}},"type":"cond-expr","locations":[{"start":{"line":20,"column":42},"end":{"line":20,"column":60}},{"start":{"line":20,"column":63},"end":{"line":20,"column":67}}],"line":20},"4":{"loc":{"start":{"line":23,"column":15},"end":{"line":23,"column":113}},"type":"cond-expr","locations":[{"start":{"line":23,"column":75},"end":{"line":23,"column":93}},{"start":{"line":23,"column":96},"end":{"line":23,"column":113}}],"line":23},"5":{"loc":{"start":{"line":23,"column":15},"end":{"line":23,"column":72}},"type":"binary-expr","locations":[{"start":{"line":23,"column":15},"end":{"line":23,"column":34}},{"start":{"line":23,"column":38},"end":{"line":23,"column":72}}],"line":23},"6":{"loc":{"start":{"line":32,"column":14},"end":{"line":32,"column":55}},"type":"cond-expr","locations":[{"start":{"line":32,"column":34},"end":{"line":32,"column":48}},{"start":{"line":32,"column":51},"end":{"line":32,"column":55}}],"line":32}},"s":{"0":23,"1":23,"2":1,"3":22,"4":21,"5":23,"6":23,"7":23,"8":23,"9":23,"10":23,"11":23,"12":23,"13":23,"14":23,"15":23,"16":23,"17":23,"18":23,"19":23,"20":23,"21":23},"f":{"0":23},"b":{"0":[1,22],"1":[21,1],"2":[23,3],"3":[22,1],"4":[22,1],"5":[23,22],"6":[22,1]},"_coverageSchema":"1a1c01bbd47fc00a2c39e90264f33305004495a9","hash":"dc90f0c6910918ec9080492beec6972de9d4b224"}
,"/Users/anthony/churchsuite/embed-json-script/src/churches/CSChurches.js": {"path":"/Users/anthony/churchsuite/embed-json-script/src/churches/CSChurches.js","statementMap":{"0":{"start":{"line":6,"column":20},"end":{"line":48,"column":2}},"1":{"start":{"line":8,"column":2},"end":{"line":8,"column":44}},"2":{"start":{"line":9,"column":2},"end":{"line":9,"column":19}},"3":{"start":{"line":12,"column":2},"end":{"line":44,"column":3}},"4":{"start":{"line":13,"column":18},"end":{"line":13,"column":41}},"5":{"start":{"line":14,"column":19},"end":{"line":14,"column":48}},"6":{"start":{"line":14,"column":40},"end":{"line":14,"column":47}},"7":{"start":{"line":16,"column":3},"end":{"line":43,"column":5}},"8":{"start":{"line":18,"column":4},"end":{"line":31,"column":6}},"9":{"start":{"line":19,"column":5},"end":{"line":30,"column":6}},"10":{"start":{"line":21,"column":6},"end":{"line":29,"column":7}},"11":{"start":{"line":22,"column":7},"end":{"line":28,"column":9}},"12":{"start":{"line":34,"column":4},"end":{"line":42,"column":5}},"13":{"start":{"line":35,"column":5},"end":{"line":38,"column":6}},"14":{"start":{"line":39,"column":5},"end":{"line":41,"column":7}},"15":{"start":{"line":40,"column":6},"end":{"line":40,"column":25}},"16":{"start":{"line":47,"column":2},"end":{"line":47,"column":26}},"17":{"start":{"line":53,"column":20},"end":{"line":68,"column":2}},"18":{"start":{"line":55,"column":2},"end":{"line":67,"column":3}},"19":{"start":{"line":56,"column":26},"end":{"line":59,"column":4}},"20":{"start":{"line":61,"column":3},"end":{"line":66,"column":5}},"21":{"start":{"line":62,"column":4},"end":{"line":65,"column":5}},"22":{"start":{"line":64,"column":5},"end":{"line":64,"column":62}},"23":{"start":{"line":73,"column":23},"end":{"line":78,"column":2}},"24":{"start":{"line":75,"column":11},"end":{"line":75,"column":28}},"25":{"start":{"line":76,"column":2},"end":{"line":76,"column":84}},"26":{"start":{"line":77,"column":2},"end":{"line":77,"column":13}},"27":{"start":{"line":83,"column":15},"end":{"line":85,"column":2}},"28":{"start":{"line":84,"column":2},"end":{"line":84,"column":70}},"29":{"start":{"line":87,"column":21},"end":{"line":115,"column":2}},"30":{"start":{"line":89,"column":15},"end":{"line":89,"column":19}},"31":{"start":{"line":90,"column":2},"end":{"line":112,"column":4}},"32":{"start":{"line":91,"column":21},"end":{"line":91,"column":49}},"33":{"start":{"line":92,"column":3},"end":{"line":92,"column":28}},"34":{"start":{"line":92,"column":21},"end":{"line":92,"column":28}},"35":{"start":{"line":95,"column":20},"end":{"line":95,"column":25}},"36":{"start":{"line":96,"column":3},"end":{"line":109,"column":5}},"37":{"start":{"line":97,"column":4},"end":{"line":108,"column":5}},"38":{"start":{"line":99,"column":5},"end":{"line":99,"column":22}},"39":{"start":{"line":101,"column":5},"end":{"line":101,"column":25}},"40":{"start":{"line":102,"column":5},"end":{"line":105,"column":7}},"41":{"start":{"line":104,"column":6},"end":{"line":104,"column":59}},"42":{"start":{"line":104,"column":40},"end":{"line":104,"column":59}},"43":{"start":{"line":107,"column":5},"end":{"line":107,"column":38}},"44":{"start":{"line":107,"column":24},"end":{"line":107,"column":38}},"45":{"start":{"line":111,"column":3},"end":{"line":111,"column":34}},"46":{"start":{"line":111,"column":20},"end":{"line":111,"column":34}},"47":{"start":{"line":114,"column":2},"end":{"line":114,"column":15}},"48":{"start":{"line":117,"column":20},"end":{"line":126,"column":2}},"49":{"start":{"line":118,"column":19},"end":{"line":118,"column":43}},"50":{"start":{"line":120,"column":2},"end":{"line":120,"column":37}},"51":{"start":{"line":120,"column":26},"end":{"line":120,"column":37}},"52":{"start":{"line":122,"column":2},"end":{"line":122,"column":47}},"53":{"start":{"line":122,"column":36},"end":{"line":122,"column":47}},"54":{"start":{"line":124,"column":2},"end":{"line":125,"column":55}},"55":{"start":{"line":129,"column":2},"end":{"line":129,"column":21}},"56":{"start":{"line":132,"column":2},"end":{"line":132,"column":57}},"57":{"start":{"line":132,"column":35},"end":{"line":132,"column":56}},"58":{"start":{"line":136,"column":2},"end":{"line":136,"column":9}},"59":{"start":{"line":139,"column":2},"end":{"line":139,"column":47}},"60":{"start":{"line":140,"column":2},"end":{"line":140,"column":34}},"61":{"start":{"line":141,"column":2},"end":{"line":141,"column":53}},"62":{"start":{"line":142,"column":2},"end":{"line":142,"column":20}},"63":{"start":{"line":145,"column":2},"end":{"line":145,"column":17}},"64":{"start":{"line":146,"column":2},"end":{"line":146,"column":18}},"65":{"start":{"line":148,"column":2},"end":{"line":148,"column":20}},"66":{"start":{"line":149,"column":2},"end":{"line":149,"column":25}},"67":{"start":{"line":151,"column":2},"end":{"line":151,"column":18}},"68":{"start":{"line":152,"column":2},"end":{"line":152,"column":23}},"69":{"start":{"line":153,"column":2},"end":{"line":153,"column":17}}},"fnMap":{"0":{"name":"(anonymous_0)","decl":{"start":{"line":6,"column":20},"end":{"line":6,"column":21}},"loc":{"start":{"line":6,"column":37},"end":{"line":48,"column":2}},"line":6},"1":{"name":"(anonymous_1)","decl":{"start":{"line":14,"column":35},"end":{"line":14,"column":36}},"loc":{"start":{"line":14,"column":40},"end":{"line":14,"column":47}},"line":14},"2":{"name":"(anonymous_2)","decl":{"start":{"line":16,"column":36},"end":{"line":16,"column":37}},"loc":{"start":{"line":16,"column":47},"end":{"line":43,"column":4}},"line":16},"3":{"name":"(anonymous_3)","decl":{"start":{"line":18,"column":25},"end":{"line":18,"column":26}},"loc":{"start":{"line":18,"column":34},"end":{"line":31,"column":5}},"line":18},"4":{"name":"(anonymous_4)","decl":{"start":{"line":39,"column":45},"end":{"line":39,"column":46}},"loc":{"start":{"line":39,"column":52},"end":{"line":41,"column":6}},"line":39},"5":{"name":"(anonymous_5)","decl":{"start":{"line":53,"column":20},"end":{"line":53,"column":21}},"loc":{"start":{"line":53,"column":32},"end":{"line":68,"column":2}},"line":53},"6":{"name":"(anonymous_6)","decl":{"start":{"line":61,"column":41},"end":{"line":61,"column":42}},"loc":{"start":{"line":61,"column":46},"end":{"line":66,"column":4}},"line":61},"7":{"name":"(anonymous_7)","decl":{"start":{"line":73,"column":23},"end":{"line":73,"column":24}},"loc":{"start":{"line":73,"column":35},"end":{"line":78,"column":2}},"line":73},"8":{"name":"(anonymous_8)","decl":{"start":{"line":83,"column":15},"end":{"line":83,"column":16}},"loc":{"start":{"line":83,"column":32},"end":{"line":85,"column":2}},"line":83},"9":{"name":"(anonymous_9)","decl":{"start":{"line":87,"column":21},"end":{"line":87,"column":22}},"loc":{"start":{"line":87,"column":38},"end":{"line":115,"column":2}},"line":87},"10":{"name":"(anonymous_10)","decl":{"start":{"line":90,"column":36},"end":{"line":90,"column":37}},"loc":{"start":{"line":90,"column":41},"end":{"line":112,"column":3}},"line":90},"11":{"name":"(anonymous_11)","decl":{"start":{"line":96,"column":34},"end":{"line":96,"column":35}},"loc":{"start":{"line":96,"column":43},"end":{"line":109,"column":4}},"line":96},"12":{"name":"(anonymous_12)","decl":{"start":{"line":102,"column":25},"end":{"line":102,"column":26}},"loc":{"start":{"line":102,"column":35},"end":{"line":105,"column":6}},"line":102},"13":{"name":"(anonymous_13)","decl":{"start":{"line":117,"column":20},"end":{"line":117,"column":21}},"loc":{"start":{"line":117,"column":37},"end":{"line":126,"column":2}},"line":117},"14":{"name":"(anonymous_14)","decl":{"start":{"line":128,"column":1},"end":{"line":128,"column":2}},"loc":{"start":{"line":128,"column":14},"end":{"line":133,"column":2}},"line":128},"15":{"name":"(anonymous_15)","decl":{"start":{"line":132,"column":24},"end":{"line":132,"column":25}},"loc":{"start":{"line":132,"column":35},"end":{"line":132,"column":56}},"line":132},"16":{"name":"(anonymous_16)","decl":{"start":{"line":135,"column":1},"end":{"line":135,"column":2}},"loc":{"start":{"line":135,"column":22},"end":{"line":154,"column":2}},"line":135}},"branchMap":{"0":{"loc":{"start":{"line":12,"column":2},"end":{"line":44,"column":3}},"type":"if","locations":[{"start":{"line":12,"column":2},"end":{"line":44,"column":3}},{"start":{},"end":{}}],"line":12},"1":{"loc":{"start":{"line":19,"column":5},"end":{"line":30,"column":6}},"type":"if","locations":[{"start":{"line":19,"column":5},"end":{"line":30,"column":6}},{"start":{},"end":{}}],"line":19},"2":{"loc":{"start":{"line":21,"column":6},"end":{"line":29,"column":7}},"type":"if","locations":[{"start":{"line":21,"column":6},"end":{"line":29,"column":7}},{"start":{},"end":{}}],"line":21},"3":{"loc":{"start":{"line":34,"column":4},"end":{"line":42,"column":5}},"type":"if","locations":[{"start":{"line":34,"column":4},"end":{"line":42,"column":5}},{"start":{},"end":{}}],"line":34},"4":{"loc":{"start":{"line":55,"column":2},"end":{"line":67,"column":3}},"type":"if","locations":[{"start":{"line":55,"column":2},"end":{"line":67,"column":3}},{"start":{},"end":{}}],"line":55},"5":{"loc":{"start":{"line":62,"column":4},"end":{"line":65,"column":5}},"type":"if","locations":[{"start":{"line":62,"column":4},"end":{"line":65,"column":5}},{"start":{},"end":{}}],"line":62},"6":{"loc":{"start":{"line":75,"column":11},"end":{"line":75,"column":28}},"type":"binary-expr","locations":[{"start":{"line":75,"column":11},"end":{"line":75,"column":22}},{"start":{"line":75,"column":26},"end":{"line":75,"column":28}}],"line":75},"7":{"loc":{"start":{"line":76,"column":21},"end":{"line":76,"column":84}},"type":"cond-expr","locations":[{"start":{"line":76,"column":32},"end":{"line":76,"column":77}},{"start":{"line":76,"column":80},"end":{"line":76,"column":84}}],"line":76},"8":{"loc":{"start":{"line":84,"column":9},"end":{"line":84,"column":70}},"type":"binary-expr","locations":[{"start":{"line":84,"column":9},"end":{"line":84,"column":38}},{"start":{"line":84,"column":42},"end":{"line":84,"column":70}}],"line":84},"9":{"loc":{"start":{"line":92,"column":3},"end":{"line":92,"column":28}},"type":"if","locations":[{"start":{"line":92,"column":3},"end":{"line":92,"column":28}},{"start":{},"end":{}}],"line":92},"10":{"loc":{"start":{"line":97,"column":4},"end":{"line":108,"column":5}},"type":"if","locations":[{"start":{"line":97,"column":4},"end":{"line":108,"column":5}},{"start":{},"end":{}}],"line":97},"11":{"loc":{"start":{"line":104,"column":6},"end":{"line":104,"column":59}},"type":"if","locations":[{"start":{"line":104,"column":6},"end":{"line":104,"column":59}},{"start":{},"end":{}}],"line":104},"12":{"loc":{"start":{"line":107,"column":5},"end":{"line":107,"column":38}},"type":"if","locations":[{"start":{"line":107,"column":5},"end":{"line":107,"column":38}},{"start":{},"end":{}}],"line":107},"13":{"loc":{"start":{"line":111,"column":3},"end":{"line":111,"column":34}},"type":"if","locations":[{"start":{"line":111,"column":3},"end":{"line":111,"column":34}},{"start":{},"end":{}}],"line":111},"14":{"loc":{"start":{"line":120,"column":2},"end":{"line":120,"column":37}},"type":"if","locations":[{"start":{"line":120,"column":2},"end":{"line":120,"column":37}},{"start":{},"end":{}}],"line":120},"15":{"loc":{"start":{"line":122,"column":2},"end":{"line":122,"column":47}},"type":"if","locations":[{"start":{"line":122,"column":2},"end":{"line":122,"column":47}},{"start":{},"end":{}}],"line":122},"16":{"loc":{"start":{"line":124,"column":9},"end":{"line":125,"column":55}},"type":"binary-expr","locations":[{"start":{"line":124,"column":9},"end":{"line":124,"column":56}},{"start":{"line":125,"column":6},"end":{"line":125,"column":55}}],"line":124}},"s":{"0":0,"1":0,"2":0,"3":0,"4":0,"5":0,"6":0,"7":0,"8":0,"9":0,"10":0,"11":0,"12":0,"13":0,"14":0,"15":0,"16":0,"17":0,"18":0,"19":0,"20":0,"21":0,"22":0,"23":0,"24":0,"25":0,"26":0,"27":0,"28":0,"29":0,"30":0,"31":0,"32":0,"33":0,"34":0,"35":0,"36":0,"37":0,"38":0,"39":0,"40":0,"41":0,"42":0,"43":0,"44":0,"45":0,"46":0,"47":0,"48":0,"49":0,"50":0,"51":0,"52":0,"53":0,"54":0,"55":0,"56":0,"57":0,"58":0,"59":0,"60":0,"61":0,"62":0,"63":0,"64":0,"65":0,"66":0,"67":0,"68":0,"69":0},"f":{"0":0,"1":0,"2":0,"3":0,"4":0,"5":0,"6":0,"7":0,"8":0,"9":0,"10":0,"11":0,"12":0,"13":0,"14":0,"15":0,"16":0},"b":{"0":[0,0],"1":[0,0],"2":[0,0],"3":[0,0],"4":[0,0],"5":[0,0],"6":[0,0],"7":[0,0],"8":[0,0],"9":[0,0],"10":[0,0],"11":[0,0],"12":[0,0],"13":[0,0],"14":[0,0],"15":[0,0],"16":[0,0]}}
,"/Users/anthony/churchsuite/embed-json-script/src/churches/church.js": {"path":"/Users/anthony/churchsuite/embed-json-script/src/churches/church.js","statementMap":{"0":{"start":{"line":8,"column":2},"end":{"line":8,"column":42}},"1":{"start":{"line":9,"column":2},"end":{"line":9,"column":40}},"2":{"start":{"line":10,"column":2},"end":{"line":10,"column":25}},"3":{"start":{"line":11,"column":2},"end":{"line":11,"column":98}},"4":{"start":{"line":12,"column":2},"end":{"line":12,"column":44}},"5":{"start":{"line":13,"column":2},"end":{"line":13,"column":77}},"6":{"start":{"line":14,"column":2},"end":{"line":14,"column":79}},"7":{"start":{"line":15,"column":2},"end":{"line":15,"column":23}},"8":{"start":{"line":16,"column":2},"end":{"line":16,"column":42}},"9":{"start":{"line":17,"column":2},"end":{"line":17,"column":42}},"10":{"start":{"line":18,"column":2},"end":{"line":18,"column":55}},"11":{"start":{"line":19,"column":2},"end":{"line":19,"column":33}},"12":{"start":{"line":20,"column":2},"end":{"line":20,"column":23}},"13":{"start":{"line":21,"column":2},"end":{"line":21,"column":23}}},"fnMap":{"0":{"name":"(anonymous_0)","decl":{"start":{"line":7,"column":1},"end":{"line":7,"column":2}},"loc":{"start":{"line":7,"column":19},"end":{"line":22,"column":2}},"line":7}},"branchMap":{"0":{"loc":{"start":{"line":11,"column":15},"end":{"line":11,"column":98}},"type":"cond-expr","locations":[{"start":{"line":11,"column":75},"end":{"line":11,"column":93}},{"start":{"line":11,"column":96},"end":{"line":11,"column":98}}],"line":11},"1":{"loc":{"start":{"line":11,"column":15},"end":{"line":11,"column":72}},"type":"binary-expr","locations":[{"start":{"line":11,"column":15},"end":{"line":11,"column":34}},{"start":{"line":11,"column":38},"end":{"line":11,"column":72}}],"line":11},"2":{"loc":{"start":{"line":13,"column":18},"end":{"line":13,"column":77}},"type":"cond-expr","locations":[{"start":{"line":13,"column":41},"end":{"line":13,"column":70}},{"start":{"line":13,"column":73},"end":{"line":13,"column":77}}],"line":13},"3":{"loc":{"start":{"line":14,"column":19},"end":{"line":14,"column":79}},"type":"cond-expr","locations":[{"start":{"line":14,"column":42},"end":{"line":14,"column":72}},{"start":{"line":14,"column":75},"end":{"line":14,"column":79}}],"line":14},"4":{"loc":{"start":{"line":18,"column":14},"end":{"line":18,"column":55}},"type":"cond-expr","locations":[{"start":{"line":18,"column":34},"end":{"line":18,"column":48}},{"start":{"line":18,"column":51},"end":{"line":18,"column":55}}],"line":18}},"s":{"0":20,"1":20,"2":20,"3":20,"4":20,"5":20,"6":20,"7":20,"8":20,"9":20,"10":20,"11":20,"12":20,"13":20},"f":{"0":20},"b":{"0":[1,19],"1":[20,19],"2":[18,2],"3":[18,2],"4":[19,1]},"_coverageSchema":"1a1c01bbd47fc00a2c39e90264f33305004495a9","hash":"53eba94aca2c3f753256ecd5ccd3566317548c7b"}
,"/Users/anthony/churchsuite/embed-json-script/src/components/csMultiSelect.js": {"path":"/Users/anthony/churchsuite/embed-json-script/src/components/csMultiSelect.js","statementMap":{"0":{"start":{"line":1,"column":22},"end":{"line":34,"column":1}},"1":{"start":{"line":9,"column":2},"end":{"line":9,"column":84}},"2":{"start":{"line":14,"column":2},"end":{"line":14,"column":42}},"3":{"start":{"line":14,"column":24},"end":{"line":14,"column":42}},"4":{"start":{"line":16,"column":2},"end":{"line":16,"column":104}},"5":{"start":{"line":16,"column":31},"end":{"line":16,"column":77}},"6":{"start":{"line":16,"column":91},"end":{"line":16,"column":92}},"7":{"start":{"line":23,"column":2},"end":{"line":23,"column":60}},"8":{"start":{"line":23,"column":39},"end":{"line":23,"column":60}},"9":{"start":{"line":24,"column":2},"end":{"line":31,"column":3}},"10":{"start":{"line":26,"column":3},"end":{"line":26,"column":70}},"11":{"start":{"line":26,"column":53},"end":{"line":26,"column":68}},"12":{"start":{"line":30,"column":3},"end":{"line":30,"column":54}}},"fnMap":{"0":{"name":"(anonymous_0)","decl":{"start":{"line":1,"column":15},"end":{"line":1,"column":16}},"loc":{"start":{"line":1,"column":22},"end":{"line":34,"column":1}},"line":1},"1":{"name":"(anonymous_1)","decl":{"start":{"line":8,"column":1},"end":{"line":8,"column":2}},"loc":{"start":{"line":8,"column":20},"end":{"line":10,"column":2}},"line":8},"2":{"name":"(anonymous_2)","decl":{"start":{"line":12,"column":1},"end":{"line":12,"column":2}},"loc":{"start":{"line":12,"column":28},"end":{"line":17,"column":2}},"line":12},"3":{"name":"(anonymous_3)","decl":{"start":{"line":16,"column":26},"end":{"line":16,"column":27}},"loc":{"start":{"line":16,"column":31},"end":{"line":16,"column":77}},"line":16},"4":{"name":"(anonymous_4)","decl":{"start":{"line":16,"column":86},"end":{"line":16,"column":87}},"loc":{"start":{"line":16,"column":91},"end":{"line":16,"column":92}},"line":16},"5":{"name":"(anonymous_5)","decl":{"start":{"line":22,"column":1},"end":{"line":22,"column":2}},"loc":{"start":{"line":22,"column":16},"end":{"line":32,"column":2}},"line":22},"6":{"name":"(anonymous_6)","decl":{"start":{"line":26,"column":44},"end":{"line":26,"column":45}},"loc":{"start":{"line":26,"column":53},"end":{"line":26,"column":68}},"line":26}},"branchMap":{"0":{"loc":{"start":{"line":9,"column":9},"end":{"line":9,"column":83}},"type":"cond-expr","locations":[{"start":{"line":9,"column":43},"end":{"line":9,"column":48}},{"start":{"line":9,"column":51},"end":{"line":9,"column":83}}],"line":9},"1":{"loc":{"start":{"line":14,"column":2},"end":{"line":14,"column":42}},"type":"if","locations":[{"start":{"line":14,"column":2},"end":{"line":14,"column":42}},{"start":{},"end":{}}],"line":14},"2":{"loc":{"start":{"line":16,"column":31},"end":{"line":16,"column":77}},"type":"cond-expr","locations":[{"start":{"line":16,"column":64},"end":{"line":16,"column":70}},{"start":{"line":16,"column":73},"end":{"line":16,"column":77}}],"line":16},"3":{"loc":{"start":{"line":23,"column":2},"end":{"line":23,"column":60}},"type":"if","locations":[{"start":{"line":23,"column":2},"end":{"line":23,"column":60}},{"start":{},"end":{}}],"line":23},"4":{"loc":{"start":{"line":24,"column":2},"end":{"line":31,"column":3}},"type":"if","locations":[{"start":{"line":24,"column":2},"end":{"line":31,"column":3}},{"start":{"line":27,"column":9},"end":{"line":31,"column":3}}],"line":24}},"s":{"0":0,"1":0,"2":0,"3":0,"4":0,"5":0,"6":0,"7":0,"8":0,"9":0,"10":0,"11":0,"12":0},"f":{"0":0,"1":0,"2":0,"3":0,"4":0,"5":0,"6":0},"b":{"0":[0,0],"1":[0,0],"2":[0,0],"3":[0,0],"4":[0,0]}}
,"/Users/anthony/churchsuite/embed-json-script/src/smallgroups/CSGroups.js": {"path":"/Users/anthony/churchsuite/embed-json-script/src/smallgroups/CSGroups.js","statementMap":{"0":{"start":{"line":6,"column":20},"end":{"line":49,"column":2}},"1":{"start":{"line":8,"column":2},"end":{"line":8,"column":87}},"2":{"start":{"line":8,"column":26},"end":{"line":8,"column":87}},"3":{"start":{"line":8,"column":52},"end":{"line":8,"column":86}},"4":{"start":{"line":9,"column":2},"end":{"line":9,"column":50}},"5":{"start":{"line":10,"column":2},"end":{"line":10,"column":44}},"6":{"start":{"line":11,"column":2},"end":{"line":11,"column":18}},"7":{"start":{"line":12,"column":2},"end":{"line":12,"column":19}},"8":{"start":{"line":15,"column":2},"end":{"line":46,"column":3}},"9":{"start":{"line":16,"column":18},"end":{"line":16,"column":41}},"10":{"start":{"line":17,"column":19},"end":{"line":17,"column":48}},"11":{"start":{"line":17,"column":40},"end":{"line":17,"column":47}},"12":{"start":{"line":19,"column":3},"end":{"line":45,"column":5}},"13":{"start":{"line":21,"column":4},"end":{"line":44,"column":6}},"14":{"start":{"line":22,"column":5},"end":{"line":43,"column":6}},"15":{"start":{"line":24,"column":6},"end":{"line":32,"column":7}},"16":{"start":{"line":25,"column":7},"end":{"line":31,"column":9}},"17":{"start":{"line":34,"column":6},"end":{"line":42,"column":7}},"18":{"start":{"line":35,"column":7},"end":{"line":38,"column":8}},"19":{"start":{"line":39,"column":7},"end":{"line":41,"column":9}},"20":{"start":{"line":40,"column":8},"end":{"line":40,"column":27}},"21":{"start":{"line":48,"column":2},"end":{"line":48,"column":25}},"22":{"start":{"line":54,"column":20},"end":{"line":69,"column":2}},"23":{"start":{"line":56,"column":2},"end":{"line":68,"column":3}},"24":{"start":{"line":57,"column":26},"end":{"line":60,"column":4}},"25":{"start":{"line":62,"column":3},"end":{"line":67,"column":5}},"26":{"start":{"line":63,"column":4},"end":{"line":66,"column":5}},"27":{"start":{"line":65,"column":5},"end":{"line":65,"column":62}},"28":{"start":{"line":74,"column":23},"end":{"line":79,"column":2}},"29":{"start":{"line":76,"column":11},"end":{"line":76,"column":28}},"30":{"start":{"line":77,"column":2},"end":{"line":77,"column":84}},"31":{"start":{"line":78,"column":2},"end":{"line":78,"column":13}},"32":{"start":{"line":84,"column":15},"end":{"line":91,"column":2}},"33":{"start":{"line":85,"column":2},"end":{"line":90,"column":33}},"34":{"start":{"line":93,"column":23},"end":{"line":100,"column":2}},"35":{"start":{"line":94,"column":22},"end":{"line":94,"column":49}},"36":{"start":{"line":96,"column":2},"end":{"line":96,"column":40}},"37":{"start":{"line":96,"column":29},"end":{"line":96,"column":40}},"38":{"start":{"line":98,"column":2},"end":{"line":99,"column":61}},"39":{"start":{"line":102,"column":19},"end":{"line":111,"column":2}},"40":{"start":{"line":103,"column":17},"end":{"line":103,"column":40}},"41":{"start":{"line":105,"column":2},"end":{"line":105,"column":35}},"42":{"start":{"line":105,"column":24},"end":{"line":105,"column":35}},"43":{"start":{"line":107,"column":2},"end":{"line":107,"column":36}},"44":{"start":{"line":107,"column":25},"end":{"line":107,"column":36}},"45":{"start":{"line":109,"column":2},"end":{"line":110,"column":44}},"46":{"start":{"line":113,"column":21},"end":{"line":141,"column":2}},"47":{"start":{"line":115,"column":15},"end":{"line":115,"column":19}},"48":{"start":{"line":116,"column":2},"end":{"line":138,"column":4}},"49":{"start":{"line":117,"column":21},"end":{"line":117,"column":49}},"50":{"start":{"line":118,"column":3},"end":{"line":118,"column":28}},"51":{"start":{"line":118,"column":21},"end":{"line":118,"column":28}},"52":{"start":{"line":121,"column":20},"end":{"line":121,"column":25}},"53":{"start":{"line":122,"column":3},"end":{"line":135,"column":5}},"54":{"start":{"line":123,"column":4},"end":{"line":134,"column":5}},"55":{"start":{"line":125,"column":5},"end":{"line":125,"column":22}},"56":{"start":{"line":127,"column":5},"end":{"line":127,"column":25}},"57":{"start":{"line":128,"column":5},"end":{"line":131,"column":7}},"58":{"start":{"line":130,"column":6},"end":{"line":130,"column":59}},"59":{"start":{"line":130,"column":40},"end":{"line":130,"column":59}},"60":{"start":{"line":133,"column":5},"end":{"line":133,"column":38}},"61":{"start":{"line":133,"column":24},"end":{"line":133,"column":38}},"62":{"start":{"line":137,"column":3},"end":{"line":137,"column":34}},"63":{"start":{"line":137,"column":20},"end":{"line":137,"column":34}},"64":{"start":{"line":140,"column":2},"end":{"line":140,"column":15}},"65":{"start":{"line":143,"column":22},"end":{"line":155,"column":2}},"66":{"start":{"line":145,"column":2},"end":{"line":145,"column":36}},"67":{"start":{"line":145,"column":25},"end":{"line":145,"column":36}},"68":{"start":{"line":148,"column":19},"end":{"line":153,"column":47}},"69":{"start":{"line":154,"column":2},"end":{"line":154,"column":46}},"70":{"start":{"line":157,"column":20},"end":{"line":166,"column":2}},"71":{"start":{"line":158,"column":19},"end":{"line":158,"column":43}},"72":{"start":{"line":160,"column":2},"end":{"line":160,"column":37}},"73":{"start":{"line":160,"column":26},"end":{"line":160,"column":37}},"74":{"start":{"line":162,"column":2},"end":{"line":162,"column":47}},"75":{"start":{"line":162,"column":36},"end":{"line":162,"column":47}},"76":{"start":{"line":164,"column":2},"end":{"line":165,"column":55}},"77":{"start":{"line":168,"column":19},"end":{"line":187,"column":2}},"78":{"start":{"line":169,"column":18},"end":{"line":169,"column":41}},"79":{"start":{"line":171,"column":2},"end":{"line":171,"column":36}},"80":{"start":{"line":171,"column":25},"end":{"line":171,"column":36}},"81":{"start":{"line":173,"column":20},"end":{"line":173,"column":105}},"82":{"start":{"line":173,"column":90},"end":{"line":173,"column":99}},"83":{"start":{"line":174,"column":22},"end":{"line":174,"column":106}},"84":{"start":{"line":174,"column":92},"end":{"line":174,"column":100}},"85":{"start":{"line":176,"column":2},"end":{"line":176,"column":39}},"86":{"start":{"line":176,"column":27},"end":{"line":176,"column":39}},"87":{"start":{"line":178,"column":15},"end":{"line":178,"column":20}},"88":{"start":{"line":179,"column":2},"end":{"line":183,"column":4}},"89":{"start":{"line":182,"column":3},"end":{"line":182,"column":84}},"90":{"start":{"line":182,"column":71},"end":{"line":182,"column":84}},"91":{"start":{"line":186,"column":2},"end":{"line":186,"column":15}},"92":{"start":{"line":190,"column":2},"end":{"line":190,"column":21}},"93":{"start":{"line":193,"column":2},"end":{"line":193,"column":55}},"94":{"start":{"line":193,"column":35},"end":{"line":193,"column":54}},"95":{"start":{"line":197,"column":2},"end":{"line":197,"column":9}},"96":{"start":{"line":200,"column":2},"end":{"line":200,"column":72}},"97":{"start":{"line":201,"column":2},"end":{"line":201,"column":37}},"98":{"start":{"line":202,"column":2},"end":{"line":202,"column":57}},"99":{"start":{"line":203,"column":2},"end":{"line":203,"column":18}},"100":{"start":{"line":206,"column":2},"end":{"line":206,"column":21}},"101":{"start":{"line":207,"column":2},"end":{"line":207,"column":26}},"102":{"start":{"line":208,"column":2},"end":{"line":208,"column":20}},"103":{"start":{"line":210,"column":2},"end":{"line":210,"column":17}},"104":{"start":{"line":211,"column":2},"end":{"line":211,"column":41}},"105":{"start":{"line":212,"column":2},"end":{"line":212,"column":29}},"106":{"start":{"line":214,"column":2},"end":{"line":214,"column":17}},"107":{"start":{"line":215,"column":2},"end":{"line":215,"column":18}},"108":{"start":{"line":217,"column":2},"end":{"line":217,"column":20}},"109":{"start":{"line":218,"column":2},"end":{"line":218,"column":25}},"110":{"start":{"line":220,"column":2},"end":{"line":220,"column":18}},"111":{"start":{"line":221,"column":2},"end":{"line":221,"column":23}},"112":{"start":{"line":222,"column":2},"end":{"line":222,"column":17}},"113":{"start":{"line":224,"column":2},"end":{"line":224,"column":17}},"114":{"start":{"line":225,"column":2},"end":{"line":225,"column":22}},"115":{"start":{"line":226,"column":2},"end":{"line":226,"column":16}}},"fnMap":{"0":{"name":"(anonymous_0)","decl":{"start":{"line":6,"column":20},"end":{"line":6,"column":21}},"loc":{"start":{"line":6,"column":37},"end":{"line":49,"column":2}},"line":6},"1":{"name":"(anonymous_1)","decl":{"start":{"line":8,"column":45},"end":{"line":8,"column":46}},"loc":{"start":{"line":8,"column":52},"end":{"line":8,"column":86}},"line":8},"2":{"name":"(anonymous_2)","decl":{"start":{"line":17,"column":35},"end":{"line":17,"column":36}},"loc":{"start":{"line":17,"column":40},"end":{"line":17,"column":47}},"line":17},"3":{"name":"(anonymous_3)","decl":{"start":{"line":19,"column":36},"end":{"line":19,"column":37}},"loc":{"start":{"line":19,"column":47},"end":{"line":45,"column":4}},"line":19},"4":{"name":"(anonymous_4)","decl":{"start":{"line":21,"column":25},"end":{"line":21,"column":26}},"loc":{"start":{"line":21,"column":34},"end":{"line":44,"column":5}},"line":21},"5":{"name":"(anonymous_5)","decl":{"start":{"line":39,"column":47},"end":{"line":39,"column":48}},"loc":{"start":{"line":39,"column":54},"end":{"line":41,"column":8}},"line":39},"6":{"name":"(anonymous_6)","decl":{"start":{"line":54,"column":20},"end":{"line":54,"column":21}},"loc":{"start":{"line":54,"column":32},"end":{"line":69,"column":2}},"line":54},"7":{"name":"(anonymous_7)","decl":{"start":{"line":62,"column":41},"end":{"line":62,"column":42}},"loc":{"start":{"line":62,"column":46},"end":{"line":67,"column":4}},"line":62},"8":{"name":"(anonymous_8)","decl":{"start":{"line":74,"column":23},"end":{"line":74,"column":24}},"loc":{"start":{"line":74,"column":35},"end":{"line":79,"column":2}},"line":74},"9":{"name":"(anonymous_9)","decl":{"start":{"line":84,"column":15},"end":{"line":84,"column":16}},"loc":{"start":{"line":84,"column":32},"end":{"line":91,"column":2}},"line":84},"10":{"name":"(anonymous_10)","decl":{"start":{"line":93,"column":23},"end":{"line":93,"column":24}},"loc":{"start":{"line":93,"column":40},"end":{"line":100,"column":2}},"line":93},"11":{"name":"(anonymous_11)","decl":{"start":{"line":102,"column":19},"end":{"line":102,"column":20}},"loc":{"start":{"line":102,"column":36},"end":{"line":111,"column":2}},"line":102},"12":{"name":"(anonymous_12)","decl":{"start":{"line":113,"column":21},"end":{"line":113,"column":22}},"loc":{"start":{"line":113,"column":38},"end":{"line":141,"column":2}},"line":113},"13":{"name":"(anonymous_13)","decl":{"start":{"line":116,"column":36},"end":{"line":116,"column":37}},"loc":{"start":{"line":116,"column":41},"end":{"line":138,"column":3}},"line":116},"14":{"name":"(anonymous_14)","decl":{"start":{"line":122,"column":34},"end":{"line":122,"column":35}},"loc":{"start":{"line":122,"column":43},"end":{"line":135,"column":4}},"line":122},"15":{"name":"(anonymous_15)","decl":{"start":{"line":128,"column":25},"end":{"line":128,"column":26}},"loc":{"start":{"line":128,"column":35},"end":{"line":131,"column":6}},"line":128},"16":{"name":"(anonymous_16)","decl":{"start":{"line":143,"column":22},"end":{"line":143,"column":23}},"loc":{"start":{"line":143,"column":39},"end":{"line":155,"column":2}},"line":143},"17":{"name":"(anonymous_17)","decl":{"start":{"line":157,"column":20},"end":{"line":157,"column":21}},"loc":{"start":{"line":157,"column":37},"end":{"line":166,"column":2}},"line":157},"18":{"name":"(anonymous_18)","decl":{"start":{"line":168,"column":19},"end":{"line":168,"column":20}},"loc":{"start":{"line":168,"column":36},"end":{"line":187,"column":2}},"line":168},"19":{"name":"(anonymous_19)","decl":{"start":{"line":173,"column":83},"end":{"line":173,"column":84}},"loc":{"start":{"line":173,"column":90},"end":{"line":173,"column":99}},"line":173},"20":{"name":"(anonymous_20)","decl":{"start":{"line":174,"column":85},"end":{"line":174,"column":86}},"loc":{"start":{"line":174,"column":92},"end":{"line":174,"column":100}},"line":174},"21":{"name":"(anonymous_21)","decl":{"start":{"line":179,"column":20},"end":{"line":179,"column":21}},"loc":{"start":{"line":179,"column":25},"end":{"line":183,"column":3}},"line":179},"22":{"name":"(anonymous_22)","decl":{"start":{"line":189,"column":1},"end":{"line":189,"column":2}},"loc":{"start":{"line":189,"column":14},"end":{"line":194,"column":2}},"line":189},"23":{"name":"(anonymous_23)","decl":{"start":{"line":193,"column":24},"end":{"line":193,"column":25}},"loc":{"start":{"line":193,"column":35},"end":{"line":193,"column":54}},"line":193},"24":{"name":"(anonymous_24)","decl":{"start":{"line":196,"column":1},"end":{"line":196,"column":2}},"loc":{"start":{"line":196,"column":22},"end":{"line":227,"column":2}},"line":196}},"branchMap":{"0":{"loc":{"start":{"line":8,"column":2},"end":{"line":8,"column":87}},"type":"if","locations":[{"start":{"line":8,"column":2},"end":{"line":8,"column":87}},{"start":{},"end":{}}],"line":8},"1":{"loc":{"start":{"line":15,"column":2},"end":{"line":46,"column":3}},"type":"if","locations":[{"start":{"line":15,"column":2},"end":{"line":46,"column":3}},{"start":{},"end":{}}],"line":15},"2":{"loc":{"start":{"line":22,"column":5},"end":{"line":43,"column":6}},"type":"if","locations":[{"start":{"line":22,"column":5},"end":{"line":43,"column":6}},{"start":{},"end":{}}],"line":22},"3":{"loc":{"start":{"line":24,"column":6},"end":{"line":32,"column":7}},"type":"if","locations":[{"start":{"line":24,"column":6},"end":{"line":32,"column":7}},{"start":{},"end":{}}],"line":24},"4":{"loc":{"start":{"line":34,"column":6},"end":{"line":42,"column":7}},"type":"if","locations":[{"start":{"line":34,"column":6},"end":{"line":42,"column":7}},{"start":{},"end":{}}],"line":34},"5":{"loc":{"start":{"line":56,"column":2},"end":{"line":68,"column":3}},"type":"if","locations":[{"start":{"line":56,"column":2},"end":{"line":68,"column":3}},{"start":{},"end":{}}],"line":56},"6":{"loc":{"start":{"line":63,"column":4},"end":{"line":66,"column":5}},"type":"if","locations":[{"start":{"line":63,"column":4},"end":{"line":66,"column":5}},{"start":{},"end":{}}],"line":63},"7":{"loc":{"start":{"line":76,"column":11},"end":{"line":76,"column":28}},"type":"binary-expr","locations":[{"start":{"line":76,"column":11},"end":{"line":76,"column":22}},{"start":{"line":76,"column":26},"end":{"line":76,"column":28}}],"line":76},"8":{"loc":{"start":{"line":77,"column":21},"end":{"line":77,"column":84}},"type":"cond-expr","locations":[{"start":{"line":77,"column":32},"end":{"line":77,"column":77}},{"start":{"line":77,"column":80},"end":{"line":77,"column":84}}],"line":77},"9":{"loc":{"start":{"line":85,"column":9},"end":{"line":90,"column":33}},"type":"binary-expr","locations":[{"start":{"line":85,"column":9},"end":{"line":85,"column":40}},{"start":{"line":86,"column":6},"end":{"line":86,"column":33}},{"start":{"line":87,"column":6},"end":{"line":87,"column":35}},{"start":{"line":88,"column":6},"end":{"line":88,"column":36}},{"start":{"line":89,"column":6},"end":{"line":89,"column":34}},{"start":{"line":90,"column":6},"end":{"line":90,"column":33}}],"line":85},"10":{"loc":{"start":{"line":96,"column":2},"end":{"line":96,"column":40}},"type":"if","locations":[{"start":{"line":96,"column":2},"end":{"line":96,"column":40}},{"start":{},"end":{}}],"line":96},"11":{"loc":{"start":{"line":98,"column":9},"end":{"line":99,"column":61}},"type":"binary-expr","locations":[{"start":{"line":98,"column":9},"end":{"line":98,"column":62}},{"start":{"line":99,"column":6},"end":{"line":99,"column":61}}],"line":98},"12":{"loc":{"start":{"line":105,"column":2},"end":{"line":105,"column":35}},"type":"if","locations":[{"start":{"line":105,"column":2},"end":{"line":105,"column":35}},{"start":{},"end":{}}],"line":105},"13":{"loc":{"start":{"line":107,"column":2},"end":{"line":107,"column":36}},"type":"if","locations":[{"start":{"line":107,"column":2},"end":{"line":107,"column":36}},{"start":{},"end":{}}],"line":107},"14":{"loc":{"start":{"line":109,"column":9},"end":{"line":110,"column":44}},"type":"binary-expr","locations":[{"start":{"line":109,"column":9},"end":{"line":109,"column":52}},{"start":{"line":110,"column":6},"end":{"line":110,"column":44}}],"line":109},"15":{"loc":{"start":{"line":118,"column":3},"end":{"line":118,"column":28}},"type":"if","locations":[{"start":{"line":118,"column":3},"end":{"line":118,"column":28}},{"start":{},"end":{}}],"line":118},"16":{"loc":{"start":{"line":123,"column":4},"end":{"line":134,"column":5}},"type":"if","locations":[{"start":{"line":123,"column":4},"end":{"line":134,"column":5}},{"start":{},"end":{}}],"line":123},"17":{"loc":{"start":{"line":130,"column":6},"end":{"line":130,"column":59}},"type":"if","locations":[{"start":{"line":130,"column":6},"end":{"line":130,"column":59}},{"start":{},"end":{}}],"line":130},"18":{"loc":{"start":{"line":133,"column":5},"end":{"line":133,"column":38}},"type":"if","locations":[{"start":{"line":133,"column":5},"end":{"line":133,"column":38}},{"start":{},"end":{}}],"line":133},"19":{"loc":{"start":{"line":137,"column":3},"end":{"line":137,"column":34}},"type":"if","locations":[{"start":{"line":137,"column":3},"end":{"line":137,"column":34}},{"start":{},"end":{}}],"line":137},"20":{"loc":{"start":{"line":145,"column":2},"end":{"line":145,"column":36}},"type":"if","locations":[{"start":{"line":145,"column":2},"end":{"line":145,"column":36}},{"start":{},"end":{}}],"line":145},"21":{"loc":{"start":{"line":150,"column":12},"end":{"line":150,"column":53}},"type":"cond-expr","locations":[{"start":{"line":150,"column":24},"end":{"line":150,"column":48}},{"start":{"line":150,"column":51},"end":{"line":150,"column":53}}],"line":150},"22":{"loc":{"start":{"line":160,"column":2},"end":{"line":160,"column":37}},"type":"if","locations":[{"start":{"line":160,"column":2},"end":{"line":160,"column":37}},{"start":{},"end":{}}],"line":160},"23":{"loc":{"start":{"line":162,"column":2},"end":{"line":162,"column":47}},"type":"if","locations":[{"start":{"line":162,"column":2},"end":{"line":162,"column":47}},{"start":{},"end":{}}],"line":162},"24":{"loc":{"start":{"line":164,"column":9},"end":{"line":165,"column":55}},"type":"binary-expr","locations":[{"start":{"line":164,"column":9},"end":{"line":164,"column":56}},{"start":{"line":165,"column":6},"end":{"line":165,"column":55}}],"line":164},"25":{"loc":{"start":{"line":171,"column":2},"end":{"line":171,"column":36}},"type":"if","locations":[{"start":{"line":171,"column":2},"end":{"line":171,"column":36}},{"start":{},"end":{}}],"line":171},"26":{"loc":{"start":{"line":173,"column":20},"end":{"line":173,"column":105}},"type":"cond-expr","locations":[{"start":{"line":173,"column":58},"end":{"line":173,"column":100}},{"start":{"line":173,"column":103},"end":{"line":173,"column":105}}],"line":173},"27":{"loc":{"start":{"line":174,"column":22},"end":{"line":174,"column":106}},"type":"cond-expr","locations":[{"start":{"line":174,"column":60},"end":{"line":174,"column":101}},{"start":{"line":174,"column":104},"end":{"line":174,"column":106}}],"line":174},"28":{"loc":{"start":{"line":176,"column":2},"end":{"line":176,"column":39}},"type":"if","locations":[{"start":{"line":176,"column":2},"end":{"line":176,"column":39}},{"start":{},"end":{}}],"line":176},"29":{"loc":{"start":{"line":182,"column":3},"end":{"line":182,"column":84}},"type":"if","locations":[{"start":{"line":182,"column":3},"end":{"line":182,"column":84}},{"start":{},"end":{}}],"line":182},"30":{"loc":{"start":{"line":182,"column":7},"end":{"line":182,"column":69}},"type":"binary-expr","locations":[{"start":{"line":182,"column":7},"end":{"line":182,"column":30}},{"start":{"line":182,"column":34},"end":{"line":182,"column":59}},{"start":{"line":182,"column":63},"end":{"line":182,"column":69}}],"line":182}},"s":{"0":0,"1":0,"2":0,"3":0,"4":0,"5":0,"6":0,"7":0,"8":0,"9":0,"10":0,"11":0,"12":0,"13":0,"14":0,"15":0,"16":0,"17":0,"18":0,"19":0,"20":0,"21":0,"22":0,"23":0,"24":0,"25":0,"26":0,"27":0,"28":0,"29":0,"30":0,"31":0,"32":0,"33":0,"34":0,"35":0,"36":0,"37":0,"38":0,"39":0,"40":0,"41":0,"42":0,"43":0,"44":0,"45":0,"46":0,"47":0,"48":0,"49":0,"50":0,"51":0,"52":0,"53":0,"54":0,"55":0,"56":0,"57":0,"58":0,"59":0,"60":0,"61":0,"62":0,"63":0,"64":0,"65":0,"66":0,"67":0,"68":0,"69":0,"70":0,"71":0,"72":0,"73":0,"74":0,"75":0,"76":0,"77":0,"78":0,"79":0,"80":0,"81":0,"82":0,"83":0,"84":0,"85":0,"86":0,"87":0,"88":0,"89":0,"90":0,"91":0,"92":0,"93":0,"94":0,"95":0,"96":0,"97":0,"98":0,"99":0,"100":0,"101":0,"102":0,"103":0,"104":0,"105":0,"106":0,"107":0,"108":0,"109":0,"110":0,"111":0,"112":0,"113":0,"114":0,"115":0},"f":{"0":0,"1":0,"2":0,"3":0,"4":0,"5":0,"6":0,"7":0,"8":0,"9":0,"10":0,"11":0,"12":0,"13":0,"14":0,"15":0,"16":0,"17":0,"18":0,"19":0,"20":0,"21":0,"22":0,"23":0,"24":0},"b":{"0":[0,0],"1":[0,0],"2":[0,0],"3":[0,0],"4":[0,0],"5":[0,0],"6":[0,0],"7":[0,0],"8":[0,0],"9":[0,0,0,0,0,0],"10":[0,0],"11":[0,0],"12":[0,0],"13":[0,0],"14":[0,0],"15":[0,0],"16":[0,0],"17":[0,0],"18":[0,0],"19":[0,0],"20":[0,0],"21":[0,0],"22":[0,0],"23":[0,0],"24":[0,0],"25":[0,0],"26":[0,0],"27":[0,0],"28":[0,0],"29":[0,0],"30":[0,0,0]}}
,"/Users/anthony/churchsuite/embed-json-script/src/smallgroups/group.js": {"path":"/Users/anthony/churchsuite/embed-json-script/src/smallgroups/group.js","statementMap":{"0":{"start":{"line":8,"column":2},"end":{"line":8,"column":35}},"1":{"start":{"line":9,"column":2},"end":{"line":9,"column":64}},"2":{"start":{"line":10,"column":2},"end":{"line":10,"column":101}},"3":{"start":{"line":11,"column":2},"end":{"line":11,"column":60}},"4":{"start":{"line":12,"column":2},"end":{"line":12,"column":41}},"5":{"start":{"line":13,"column":2},"end":{"line":13,"column":67}},"6":{"start":{"line":14,"column":2},"end":{"line":14,"column":62}},"7":{"start":{"line":15,"column":2},"end":{"line":15,"column":43}},"8":{"start":{"line":16,"column":2},"end":{"line":16,"column":43}},"9":{"start":{"line":17,"column":2},"end":{"line":17,"column":86}},"10":{"start":{"line":18,"column":2},"end":{"line":18,"column":98}},"11":{"start":{"line":19,"column":2},"end":{"line":19,"column":109}},"12":{"start":{"line":20,"column":2},"end":{"line":20,"column":36}},"13":{"start":{"line":21,"column":2},"end":{"line":21,"column":40}},"14":{"start":{"line":22,"column":2},"end":{"line":22,"column":42}},"15":{"start":{"line":23,"column":2},"end":{"line":23,"column":32}},"16":{"start":{"line":24,"column":2},"end":{"line":24,"column":23}},"17":{"start":{"line":25,"column":2},"end":{"line":25,"column":46}},"18":{"start":{"line":26,"column":2},"end":{"line":26,"column":44}},"19":{"start":{"line":27,"column":2},"end":{"line":28,"column":50}},"20":{"start":{"line":29,"column":2},"end":{"line":29,"column":76}},"21":{"start":{"line":30,"column":2},"end":{"line":30,"column":49}},"22":{"start":{"line":31,"column":2},"end":{"line":31,"column":45}},"23":{"start":{"line":32,"column":2},"end":{"line":32,"column":55}},"24":{"start":{"line":33,"column":2},"end":{"line":33,"column":23}},"25":{"start":{"line":34,"column":2},"end":{"line":34,"column":107}},"26":{"start":{"line":35,"column":2},"end":{"line":35,"column":23}},"27":{"start":{"line":43,"column":30},"end":{"line":43,"column":32}},"28":{"start":{"line":44,"column":2},"end":{"line":60,"column":4}},"29":{"start":{"line":45,"column":17},"end":{"line":45,"column":31}},"30":{"start":{"line":47,"column":3},"end":{"line":59,"column":4}},"31":{"start":{"line":49,"column":4},"end":{"line":58,"column":6}},"32":{"start":{"line":62,"column":2},"end":{"line":62,"column":72}},"33":{"start":{"line":71,"column":12},"end":{"line":71,"column":19}},"34":{"start":{"line":73,"column":2},"end":{"line":73,"column":58}},"35":{"start":{"line":73,"column":46},"end":{"line":73,"column":58}},"36":{"start":{"line":74,"column":2},"end":{"line":77,"column":3}},"37":{"start":{"line":76,"column":3},"end":{"line":76,"column":56}},"38":{"start":{"line":76,"column":44},"end":{"line":76,"column":56}},"39":{"start":{"line":79,"column":2},"end":{"line":79,"column":13}},"40":{"start":{"line":88,"column":2},"end":{"line":88,"column":35}},"41":{"start":{"line":88,"column":23},"end":{"line":88,"column":35}},"42":{"start":{"line":90,"column":12},"end":{"line":90,"column":19}},"43":{"start":{"line":91,"column":16},"end":{"line":91,"column":37}},"44":{"start":{"line":92,"column":2},"end":{"line":92,"column":41}},"45":{"start":{"line":92,"column":29},"end":{"line":92,"column":41}},"46":{"start":{"line":93,"column":2},"end":{"line":93,"column":61}},"47":{"start":{"line":93,"column":50},"end":{"line":93,"column":61}},"48":{"start":{"line":95,"column":2},"end":{"line":95,"column":14}},"49":{"start":{"line":99,"column":2},"end":{"line":99,"column":106}},"50":{"start":{"line":109,"column":2},"end":{"line":109,"column":64}},"51":{"start":{"line":109,"column":52},"end":{"line":109,"column":64}},"52":{"start":{"line":110,"column":2},"end":{"line":110,"column":44}},"53":{"start":{"line":110,"column":32},"end":{"line":110,"column":44}},"54":{"start":{"line":112,"column":12},"end":{"line":112,"column":19}},"55":{"start":{"line":113,"column":18},"end":{"line":113,"column":48}},"56":{"start":{"line":116,"column":2},"end":{"line":116,"column":44}},"57":{"start":{"line":116,"column":32},"end":{"line":116,"column":44}},"58":{"start":{"line":119,"column":2},"end":{"line":122,"column":3}},"59":{"start":{"line":120,"column":17},"end":{"line":120,"column":45}},"60":{"start":{"line":121,"column":3},"end":{"line":121,"column":42}},"61":{"start":{"line":121,"column":30},"end":{"line":121,"column":42}},"62":{"start":{"line":124,"column":2},"end":{"line":124,"column":13}}},"fnMap":{"0":{"name":"(anonymous_0)","decl":{"start":{"line":7,"column":1},"end":{"line":7,"column":2}},"loc":{"start":{"line":7,"column":19},"end":{"line":36,"column":2}},"line":7},"1":{"name":"(anonymous_1)","decl":{"start":{"line":41,"column":1},"end":{"line":41,"column":2}},"loc":{"start":{"line":41,"column":25},"end":{"line":63,"column":2}},"line":41},"2":{"name":"(anonymous_2)","decl":{"start":{"line":44,"column":45},"end":{"line":44,"column":46}},"loc":{"start":{"line":44,"column":60},"end":{"line":60,"column":3}},"line":44},"3":{"name":"(anonymous_3)","decl":{"start":{"line":70,"column":1},"end":{"line":70,"column":2}},"loc":{"start":{"line":70,"column":17},"end":{"line":80,"column":2}},"line":70},"4":{"name":"(anonymous_4)","decl":{"start":{"line":87,"column":1},"end":{"line":87,"column":2}},"loc":{"start":{"line":87,"column":21},"end":{"line":96,"column":2}},"line":87},"5":{"name":"(anonymous_5)","decl":{"start":{"line":98,"column":1},"end":{"line":98,"column":2}},"loc":{"start":{"line":98,"column":18},"end":{"line":100,"column":2}},"line":98},"6":{"name":"(anonymous_6)","decl":{"start":{"line":107,"column":1},"end":{"line":107,"column":2}},"loc":{"start":{"line":107,"column":24},"end":{"line":125,"column":2}},"line":107}},"branchMap":{"0":{"loc":{"start":{"line":9,"column":17},"end":{"line":9,"column":64}},"type":"cond-expr","locations":[{"start":{"line":9,"column":40},"end":{"line":9,"column":57}},{"start":{"line":9,"column":60},"end":{"line":9,"column":64}}],"line":9},"1":{"loc":{"start":{"line":10,"column":22},"end":{"line":10,"column":101}},"type":"cond-expr","locations":[{"start":{"line":10,"column":66},"end":{"line":10,"column":94}},{"start":{"line":10,"column":97},"end":{"line":10,"column":101}}],"line":10},"2":{"loc":{"start":{"line":11,"column":17},"end":{"line":11,"column":60}},"type":"cond-expr","locations":[{"start":{"line":11,"column":33},"end":{"line":11,"column":53}},{"start":{"line":11,"column":56},"end":{"line":11,"column":60}}],"line":11},"3":{"loc":{"start":{"line":13,"column":13},"end":{"line":13,"column":67}},"type":"cond-expr","locations":[{"start":{"line":13,"column":32},"end":{"line":13,"column":60}},{"start":{"line":13,"column":63},"end":{"line":13,"column":67}}],"line":13},"4":{"loc":{"start":{"line":17,"column":19},"end":{"line":17,"column":86}},"type":"cond-expr","locations":[{"start":{"line":17,"column":48},"end":{"line":17,"column":69}},{"start":{"line":17,"column":72},"end":{"line":17,"column":86}}],"line":17},"5":{"loc":{"start":{"line":18,"column":15},"end":{"line":18,"column":98}},"type":"cond-expr","locations":[{"start":{"line":18,"column":75},"end":{"line":18,"column":93}},{"start":{"line":18,"column":96},"end":{"line":18,"column":98}}],"line":18},"6":{"loc":{"start":{"line":18,"column":15},"end":{"line":18,"column":72}},"type":"binary-expr","locations":[{"start":{"line":18,"column":15},"end":{"line":18,"column":34}},{"start":{"line":18,"column":38},"end":{"line":18,"column":72}}],"line":18},"7":{"loc":{"start":{"line":19,"column":14},"end":{"line":19,"column":109}},"type":"cond-expr","locations":[{"start":{"line":19,"column":67},"end":{"line":19,"column":104}},{"start":{"line":19,"column":107},"end":{"line":19,"column":109}}],"line":19},"8":{"loc":{"start":{"line":19,"column":14},"end":{"line":19,"column":64}},"type":"binary-expr","locations":[{"start":{"line":19,"column":14},"end":{"line":19,"column":36}},{"start":{"line":19,"column":40},"end":{"line":19,"column":64}}],"line":19},"9":{"loc":{"start":{"line":29,"column":19},"end":{"line":29,"column":76}},"type":"cond-expr","locations":[{"start":{"line":29,"column":42},"end":{"line":29,"column":69}},{"start":{"line":29,"column":72},"end":{"line":29,"column":76}}],"line":29},"10":{"loc":{"start":{"line":32,"column":14},"end":{"line":32,"column":55}},"type":"cond-expr","locations":[{"start":{"line":32,"column":34},"end":{"line":32,"column":48}},{"start":{"line":32,"column":51},"end":{"line":32,"column":55}}],"line":32},"11":{"loc":{"start":{"line":34,"column":14},"end":{"line":34,"column":107}},"type":"cond-expr","locations":[{"start":{"line":34,"column":34},"end":{"line":34,"column":100}},{"start":{"line":34,"column":103},"end":{"line":34,"column":107}}],"line":34},"12":{"loc":{"start":{"line":47,"column":3},"end":{"line":59,"column":4}},"type":"if","locations":[{"start":{"line":47,"column":3},"end":{"line":59,"column":4}},{"start":{},"end":{}}],"line":47},"13":{"loc":{"start":{"line":47,"column":7},"end":{"line":47,"column":107}},"type":"binary-expr","locations":[{"start":{"line":47,"column":7},"end":{"line":47,"column":35}},{"start":{"line":47,"column":39},"end":{"line":47,"column":78}},{"start":{"line":47,"column":82},"end":{"line":47,"column":107}}],"line":47},"14":{"loc":{"start":{"line":62,"column":9},"end":{"line":62,"column":72}},"type":"cond-expr","locations":[{"start":{"line":62,"column":44},"end":{"line":62,"column":65}},{"start":{"line":62,"column":68},"end":{"line":62,"column":72}}],"line":62},"15":{"loc":{"start":{"line":73,"column":2},"end":{"line":73,"column":58}},"type":"if","locations":[{"start":{"line":73,"column":2},"end":{"line":73,"column":58}},{"start":{},"end":{}}],"line":73},"16":{"loc":{"start":{"line":74,"column":2},"end":{"line":77,"column":3}},"type":"if","locations":[{"start":{"line":74,"column":2},"end":{"line":77,"column":3}},{"start":{},"end":{}}],"line":74},"17":{"loc":{"start":{"line":76,"column":3},"end":{"line":76,"column":56}},"type":"if","locations":[{"start":{"line":76,"column":3},"end":{"line":76,"column":56}},{"start":{},"end":{}}],"line":76},"18":{"loc":{"start":{"line":88,"column":2},"end":{"line":88,"column":35}},"type":"if","locations":[{"start":{"line":88,"column":2},"end":{"line":88,"column":35}},{"start":{},"end":{}}],"line":88},"19":{"loc":{"start":{"line":92,"column":2},"end":{"line":92,"column":41}},"type":"if","locations":[{"start":{"line":92,"column":2},"end":{"line":92,"column":41}},{"start":{},"end":{}}],"line":92},"20":{"loc":{"start":{"line":93,"column":2},"end":{"line":93,"column":61}},"type":"if","locations":[{"start":{"line":93,"column":2},"end":{"line":93,"column":61}},{"start":{},"end":{}}],"line":93},"21":{"loc":{"start":{"line":99,"column":9},"end":{"line":99,"column":106}},"type":"binary-expr","locations":[{"start":{"line":99,"column":9},"end":{"line":99,"column":31}},{"start":{"line":99,"column":35},"end":{"line":99,"column":59}},{"start":{"line":99,"column":63},"end":{"line":99,"column":106}}],"line":99},"22":{"loc":{"start":{"line":109,"column":2},"end":{"line":109,"column":64}},"type":"if","locations":[{"start":{"line":109,"column":2},"end":{"line":109,"column":64}},{"start":{},"end":{}}],"line":109},"23":{"loc":{"start":{"line":109,"column":6},"end":{"line":109,"column":50}},"type":"binary-expr","locations":[{"start":{"line":109,"column":6},"end":{"line":109,"column":27}},{"start":{"line":109,"column":31},"end":{"line":109,"column":50}}],"line":109},"24":{"loc":{"start":{"line":110,"column":2},"end":{"line":110,"column":44}},"type":"if","locations":[{"start":{"line":110,"column":2},"end":{"line":110,"column":44}},{"start":{},"end":{}}],"line":110},"25":{"loc":{"start":{"line":116,"column":2},"end":{"line":116,"column":44}},"type":"if","locations":[{"start":{"line":116,"column":2},"end":{"line":116,"column":44}},{"start":{},"end":{}}],"line":116},"26":{"loc":{"start":{"line":119,"column":2},"end":{"line":122,"column":3}},"type":"if","locations":[{"start":{"line":119,"column":2},"end":{"line":122,"column":3}},{"start":{},"end":{}}],"line":119},"27":{"loc":{"start":{"line":121,"column":3},"end":{"line":121,"column":42}},"type":"if","locations":[{"start":{"line":121,"column":3},"end":{"line":121,"column":42}},{"start":{},"end":{}}],"line":121}},"s":{"0":49,"1":49,"2":49,"3":49,"4":49,"5":49,"6":49,"7":49,"8":49,"9":49,"10":49,"11":49,"12":49,"13":49,"14":49,"15":49,"16":49,"17":49,"18":49,"19":49,"20":49,"21":49,"22":49,"23":49,"24":49,"25":49,"26":49,"27":48,"28":48,"29":696,"30":696,"31":93,"32":48,"33":49,"34":49,"35":1,"36":48,"37":6,"38":2,"39":46,"40":49,"41":43,"42":6,"43":6,"44":6,"45":2,"46":4,"47":2,"48":2,"49":49,"50":49,"51":6,"52":43,"53":1,"54":42,"55":42,"56":42,"57":2,"58":40,"59":5,"60":5,"61":3,"62":37},"f":{"0":49,"1":48,"2":696,"3":49,"4":49,"5":49,"6":49},"b":{"0":[48,1],"1":[48,1],"2":[6,43],"3":[48,1],"4":[1,48],"5":[48,1],"6":[49,49],"7":[45,4],"8":[49,6],"9":[9,40],"10":[1,48],"11":[48,1],"12":[93,603],"13":[696,464,232],"14":[47,1],"15":[1,48],"16":[6,42],"17":[2,4],"18":[43,6],"19":[2,4],"20":[2,2],"21":[49,43,43],"22":[6,43],"23":[49,47],"24":[1,42],"25":[2,40],"26":[5,35],"27":[3,2]},"_coverageSchema":"1a1c01bbd47fc00a2c39e90264f33305004495a9","hash":"18411034ac3b4e7cb50e82ec19802452d677a96b"}
}
