TN:
SF:src/base.js
FN:7,(anonymous_0)
FN:18,(anonymous_1)
FN:26,(anonymous_2)
FN:41,(anonymous_3)
FN:48,(anonymous_4)
FN:55,(anonymous_5)
FN:57,(anonymous_6)
FN:66,(anonymous_7)
FN:73,(anonymous_8)
FN:94,(anonymous_9)
FN:97,(anonymous_10)
FN:106,(anonymous_11)
FN:112,(anonymous_12)
FN:119,(anonymous_13)
FN:125,(anonymous_14)
FN:131,(anonymous_15)
FN:133,(anonymous_16)
FNF:17
FNH:3
FNDA:0,(anonymous_0)
FNDA:3,(anonymous_1)
FNDA:1,(anonymous_2)
FNDA:0,(anonymous_3)
FNDA:0,(anonymous_4)
FNDA:0,(anonymous_5)
FNDA:0,(anonymous_6)
FNDA:0,(anonymous_7)
FNDA:0,(anonymous_8)
FNDA:0,(anonymous_9)
FNDA:0,(anonymous_10)
FNDA:0,(anonymous_11)
FNDA:0,(anonymous_12)
FNDA:0,(anonymous_13)
FNDA:0,(anonymous_14)
FNDA:0,(anonymous_15)
FNDA:4,(anonymous_16)
DA:7,4
DA:8,0
DA:18,4
DA:20,3
DA:23,3
DA:25,3
DA:26,3
DA:27,3
DA:29,3
DA:34,3
DA:41,4
DA:42,0
DA:48,4
DA:49,0
DA:55,4
DA:56,0
DA:57,0
DA:59,0
DA:66,4
DA:67,0
DA:68,0
DA:69,0
DA:71,0
DA:73,0
DA:75,0
DA:76,0
DA:78,0
DA:79,0
DA:81,0
DA:85,0
DA:88,0
DA:95,0
DA:97,0
DA:99,0
DA:101,0
DA:103,0
DA:104,0
DA:106,0
DA:107,0
DA:111,0
DA:112,0
DA:113,0
DA:117,0
DA:119,0
DA:125,4
DA:131,4
DA:135,4
DA:136,4
DA:137,4
DA:138,4
DA:141,4
DA:142,4
LF:52
LH:21
BRDA:18,0,0,1
BRDA:20,1,0,0
BRDA:20,1,1,3
BRDA:23,2,0,3
BRDA:23,2,1,1
BRDA:27,3,0,3
BRDA:27,3,1,0
BRDA:56,4,0,0
BRDA:56,4,1,0
BRDA:67,5,0,0
BRDA:67,5,1,0
BRDA:71,6,0,0
BRDA:71,6,1,0
BRDA:73,7,0,0
BRDA:73,7,1,0
BRDA:73,7,2,0
BRDA:75,8,0,0
BRDA:75,8,1,0
BRDA:76,9,0,0
BRDA:76,9,1,0
BRDA:79,10,0,0
BRDA:79,10,1,0
BRDA:79,11,0,0
BRDA:79,11,1,0
BRDA:81,12,0,0
BRDA:81,12,1,0
BRDA:81,13,0,0
BRDA:81,13,1,0
BRDA:81,13,2,0
BRDA:85,14,0,0
BRDA:85,14,1,0
BRDA:101,15,0,0
BRDA:101,15,1,0
BRF:33
BRH:5
end_of_record
TN:
SF:src/calendar.js
FN:3,(anonymous_0)
FN:4,(anonymous_1)
FNF:2
FNH:0
FNDA:0,(anonymous_0)
FNDA:0,(anonymous_1)
DA:3,0
DA:4,0
LF:2
LH:0
BRDA:4,0,0,0
BRF:1
BRH:0
end_of_record
TN:
SF:src/cdn.js
FNF:0
FNH:0
LF:0
LH:0
BRF:0
BRH:0
end_of_record
TN:
SF:src/churches.js
FN:3,(anonymous_0)
FN:4,(anonymous_1)
FNF:2
FNH:0
FNDA:0,(anonymous_0)
FNDA:0,(anonymous_1)
DA:3,0
DA:4,0
LF:2
LH:0
BRDA:4,0,0,0
BRF:1
BRH:0
end_of_record
TN:
SF:src/cs.js
FN:24,(anonymous_0)
FN:44,(anonymous_1)
FN:46,(anonymous_2)
FN:55,(anonymous_3)
FN:67,(anonymous_4)
FN:77,(anonymous_5)
FN:97,(anonymous_6)
FN:98,(anonymous_7)
FN:119,(anonymous_8)
FN:130,(anonymous_9)
FN:143,(anonymous_10)
FNF:11
FNH:0
FNDA:0,(anonymous_0)
FNDA:0,(anonymous_1)
FNDA:0,(anonymous_2)
FNDA:0,(anonymous_3)
FNDA:0,(anonymous_4)
FNDA:0,(anonymous_5)
FNDA:0,(anonymous_6)
FNDA:0,(anonymous_7)
FNDA:0,(anonymous_8)
FNDA:0,(anonymous_9)
FNDA:0,(anonymous_10)
DA:1,0
DA:4,0
DA:5,0
DA:6,0
DA:7,0
DA:8,0
DA:9,0
DA:10,0
DA:11,0
DA:12,0
DA:13,0
DA:14,0
DA:17,0
DA:18,0
DA:20,0
DA:23,0
DA:24,0
DA:25,0
DA:29,0
DA:32,0
DA:35,0
DA:38,0
DA:45,0
DA:46,0
DA:47,0
DA:49,0
DA:56,0
DA:57,0
DA:61,0
DA:68,0
DA:69,0
DA:70,0
DA:79,0
DA:82,0
DA:83,0
DA:84,0
DA:87,0
DA:90,0
DA:91,0
DA:93,0
DA:94,0
DA:96,0
DA:97,0
DA:99,0
DA:100,0
DA:101,0
DA:103,0
DA:106,0
DA:111,0
DA:120,0
DA:122,0
DA:131,0
DA:133,0
DA:144,0
DA:145,0
DA:147,0
LF:56
LH:0
BRDA:49,0,0,0
BRDA:49,0,1,0
BRDA:77,1,0,0
BRDA:79,2,0,0
BRDA:79,2,1,0
BRDA:83,3,0,0
BRDA:83,3,1,0
BRDA:84,4,0,0
BRDA:84,4,1,0
BRDA:91,5,0,0
BRDA:91,5,1,0
BRDA:91,6,0,0
BRDA:91,6,1,0
BRDA:93,7,0,0
BRDA:93,7,1,0
BRDA:93,8,0,0
BRDA:93,8,1,0
BRDA:99,9,0,0
BRDA:99,9,1,0
BRDA:99,10,0,0
BRDA:99,10,1,0
BRDA:133,11,0,0
BRDA:133,11,1,0
BRDA:145,12,0,0
BRDA:145,12,1,0
BRF:25
BRH:0
end_of_record
TN:
SF:src/smallgroups.js
FN:3,(anonymous_0)
FN:4,(anonymous_1)
FNF:2
FNH:0
FNDA:0,(anonymous_0)
FNDA:0,(anonymous_1)
DA:3,0
DA:4,0
LF:2
LH:0
BRDA:4,0,0,0
BRF:1
BRH:0
end_of_record
TN:
SF:src/calendar/CSEvents.js
FN:6,(anonymous_0)
FN:22,(anonymous_1)
FN:42,(anonymous_2)
FN:48,(anonymous_3)
FN:57,(anonymous_4)
FN:85,(anonymous_5)
FN:96,(anonymous_6)
FN:100,(anonymous_7)
FN:106,(anonymous_8)
FNF:9
FNH:1
FNDA:0,(anonymous_0)
FNDA:0,(anonymous_1)
FNDA:0,(anonymous_2)
FNDA:0,(anonymous_3)
FNDA:0,(anonymous_4)
FNDA:0,(anonymous_5)
FNDA:0,(anonymous_6)
FNDA:0,(anonymous_7)
FNDA:4,(anonymous_8)
DA:6,4
DA:8,0
DA:9,0
DA:11,0
DA:14,0
DA:16,0
DA:22,4
DA:23,0
DA:24,0
DA:25,0
DA:27,0
DA:29,0
DA:30,0
DA:33,0
DA:34,0
DA:35,0
DA:42,4
DA:43,0
DA:48,4
DA:49,0
DA:51,0
DA:53,0
DA:57,4
DA:58,0
DA:61,0
DA:82,0
DA:85,4
DA:86,0
DA:88,0
DA:90,0
DA:92,0
DA:97,0
DA:100,0
DA:107,4
DA:110,4
DA:111,4
DA:112,4
DA:115,4
DA:116,4
DA:119,4
DA:120,4
DA:121,4
DA:123,4
DA:124,4
DA:126,4
DA:127,4
DA:128,4
LF:47
LH:20
BRDA:14,0,0,0
BRDA:14,0,1,0
BRDA:27,1,0,0
BRDA:27,1,1,0
BRDA:27,2,0,0
BRDA:27,2,1,0
BRDA:27,2,2,0
BRDA:27,3,0,0
BRDA:27,3,1,0
BRDA:33,4,0,0
BRDA:33,4,1,0
BRDA:34,5,0,0
BRDA:34,5,1,0
BRDA:43,6,0,0
BRDA:43,6,1,0
BRDA:43,6,2,0
BRDA:51,7,0,0
BRDA:51,7,1,0
BRDA:53,8,0,0
BRDA:53,8,1,0
BRDA:58,9,0,0
BRDA:58,9,1,0
BRDA:88,10,0,0
BRDA:88,10,1,0
BRDA:90,11,0,0
BRDA:90,11,1,0
BRDA:92,12,0,0
BRDA:92,12,1,0
BRF:28
BRH:0
end_of_record
TN:
SF:src/calendar/event.js
FN:7,(anonymous_0)
FNF:1
FNH:1
FNDA:23,(anonymous_0)
DA:9,23
DA:10,23
DA:12,1
DA:13,22
DA:15,21
DA:18,23
DA:19,23
DA:20,23
DA:21,23
DA:22,23
DA:23,23
DA:24,23
DA:25,23
DA:26,23
DA:27,23
DA:28,23
DA:29,23
DA:30,23
DA:31,23
DA:32,23
DA:33,23
DA:35,23
LF:22
LH:22
BRDA:10,0,0,1
BRDA:10,0,1,22
BRDA:13,1,0,21
BRDA:13,1,1,1
BRDA:18,2,0,23
BRDA:18,2,1,3
BRDA:20,3,0,22
BRDA:20,3,1,1
BRDA:23,4,0,22
BRDA:23,4,1,1
BRDA:23,5,0,23
BRDA:23,5,1,22
BRDA:32,6,0,22
BRDA:32,6,1,1
BRF:14
BRH:14
end_of_record
TN:
SF:src/churches/CSChurches.js
FN:6,(anonymous_0)
FN:14,(anonymous_1)
FN:16,(anonymous_2)
FN:18,(anonymous_3)
FN:39,(anonymous_4)
FN:53,(anonymous_5)
FN:61,(anonymous_6)
FN:73,(anonymous_7)
FN:83,(anonymous_8)
FN:87,(anonymous_9)
FN:90,(anonymous_10)
FN:96,(anonymous_11)
FN:102,(anonymous_12)
FN:117,(anonymous_13)
FN:128,(anonymous_14)
FN:132,(anonymous_15)
FN:135,(anonymous_16)
FNF:17
FNH:0
FNDA:0,(anonymous_0)
FNDA:0,(anonymous_1)
FNDA:0,(anonymous_2)
FNDA:0,(anonymous_3)
FNDA:0,(anonymous_4)
FNDA:0,(anonymous_5)
FNDA:0,(anonymous_6)
FNDA:0,(anonymous_7)
FNDA:0,(anonymous_8)
FNDA:0,(anonymous_9)
FNDA:0,(anonymous_10)
FNDA:0,(anonymous_11)
FNDA:0,(anonymous_12)
FNDA:0,(anonymous_13)
FNDA:0,(anonymous_14)
FNDA:0,(anonymous_15)
FNDA:0,(anonymous_16)
DA:6,0
DA:8,0
DA:9,0
DA:12,0
DA:13,0
DA:14,0
DA:16,0
DA:18,0
DA:19,0
DA:21,0
DA:22,0
DA:34,0
DA:35,0
DA:39,0
DA:40,0
DA:47,0
DA:53,0
DA:55,0
DA:56,0
DA:61,0
DA:62,0
DA:64,0
DA:73,0
DA:75,0
DA:76,0
DA:77,0
DA:83,0
DA:84,0
DA:87,0
DA:89,0
DA:90,0
DA:91,0
DA:92,0
DA:95,0
DA:96,0
DA:97,0
DA:99,0
DA:101,0
DA:102,0
DA:104,0
DA:107,0
DA:111,0
DA:114,0
DA:117,0
DA:118,0
DA:120,0
DA:122,0
DA:124,0
DA:129,0
DA:132,0
DA:136,0
DA:139,0
DA:140,0
DA:141,0
DA:142,0
DA:145,0
DA:146,0
DA:148,0
DA:149,0
DA:151,0
DA:152,0
DA:153,0
LF:62
LH:0
BRDA:12,0,0,0
BRDA:12,0,1,0
BRDA:19,1,0,0
BRDA:19,1,1,0
BRDA:21,2,0,0
BRDA:21,2,1,0
BRDA:34,3,0,0
BRDA:34,3,1,0
BRDA:55,4,0,0
BRDA:55,4,1,0
BRDA:62,5,0,0
BRDA:62,5,1,0
BRDA:75,6,0,0
BRDA:75,6,1,0
BRDA:76,7,0,0
BRDA:76,7,1,0
BRDA:84,8,0,0
BRDA:84,8,1,0
BRDA:92,9,0,0
BRDA:92,9,1,0
BRDA:97,10,0,0
BRDA:97,10,1,0
BRDA:104,11,0,0
BRDA:104,11,1,0
BRDA:107,12,0,0
BRDA:107,12,1,0
BRDA:111,13,0,0
BRDA:111,13,1,0
BRDA:120,14,0,0
BRDA:120,14,1,0
BRDA:122,15,0,0
BRDA:122,15,1,0
BRDA:124,16,0,0
BRDA:124,16,1,0
BRF:34
BRH:0
end_of_record
TN:
SF:src/churches/church.js
FN:7,(anonymous_0)
FNF:1
FNH:1
FNDA:20,(anonymous_0)
DA:8,20
DA:9,20
DA:10,20
DA:11,20
DA:12,20
DA:13,20
DA:14,20
DA:15,20
DA:16,20
DA:17,20
DA:18,20
DA:19,20
DA:20,20
DA:21,20
LF:14
LH:14
BRDA:11,0,0,1
BRDA:11,0,1,19
BRDA:11,1,0,20
BRDA:11,1,1,19
BRDA:13,2,0,18
BRDA:13,2,1,2
BRDA:14,3,0,18
BRDA:14,3,1,2
BRDA:18,4,0,19
BRDA:18,4,1,1
BRF:10
BRH:10
end_of_record
TN:
SF:src/components/csMultiSelect.js
FN:1,(anonymous_0)
FN:8,(anonymous_1)
FN:12,(anonymous_2)
FN:16,(anonymous_3)
FN:16,(anonymous_4)
FN:22,(anonymous_5)
FN:26,(anonymous_6)
FNF:7
FNH:0
FNDA:0,(anonymous_0)
FNDA:0,(anonymous_1)
FNDA:0,(anonymous_2)
FNDA:0,(anonymous_3)
FNDA:0,(anonymous_4)
FNDA:0,(anonymous_5)
FNDA:0,(anonymous_6)
DA:1,0
DA:9,0
DA:14,0
DA:16,0
DA:23,0
DA:24,0
DA:26,0
DA:30,0
LF:8
LH:0
BRDA:9,0,0,0
BRDA:9,0,1,0
BRDA:14,1,0,0
BRDA:14,1,1,0
BRDA:16,2,0,0
BRDA:16,2,1,0
BRDA:23,3,0,0
BRDA:23,3,1,0
BRDA:24,4,0,0
BRDA:24,4,1,0
BRF:10
BRH:0
end_of_record
TN:
SF:src/smallgroups/CSGroups.js
FN:6,(anonymous_0)
FN:8,(anonymous_1)
FN:17,(anonymous_2)
FN:19,(anonymous_3)
FN:21,(anonymous_4)
FN:39,(anonymous_5)
FN:54,(anonymous_6)
FN:62,(anonymous_7)
FN:74,(anonymous_8)
FN:84,(anonymous_9)
FN:93,(anonymous_10)
FN:102,(anonymous_11)
FN:113,(anonymous_12)
FN:116,(anonymous_13)
FN:122,(anonymous_14)
FN:128,(anonymous_15)
FN:143,(anonymous_16)
FN:157,(anonymous_17)
FN:168,(anonymous_18)
FN:173,(anonymous_19)
FN:174,(anonymous_20)
FN:179,(anonymous_21)
FN:189,(anonymous_22)
FN:193,(anonymous_23)
FN:196,(anonymous_24)
FNF:25
FNH:0
FNDA:0,(anonymous_0)
FNDA:0,(anonymous_1)
FNDA:0,(anonymous_2)
FNDA:0,(anonymous_3)
FNDA:0,(anonymous_4)
FNDA:0,(anonymous_5)
FNDA:0,(anonymous_6)
FNDA:0,(anonymous_7)
FNDA:0,(anonymous_8)
FNDA:0,(anonymous_9)
FNDA:0,(anonymous_10)
FNDA:0,(anonymous_11)
FNDA:0,(anonymous_12)
FNDA:0,(anonymous_13)
FNDA:0,(anonymous_14)
FNDA:0,(anonymous_15)
FNDA:0,(anonymous_16)
FNDA:0,(anonymous_17)
FNDA:0,(anonymous_18)
FNDA:0,(anonymous_19)
FNDA:0,(anonymous_20)
FNDA:0,(anonymous_21)
FNDA:0,(anonymous_22)
FNDA:0,(anonymous_23)
FNDA:0,(anonymous_24)
DA:6,0
DA:8,0
DA:9,0
DA:10,0
DA:11,0
DA:12,0
DA:15,0
DA:16,0
DA:17,0
DA:19,0
DA:21,0
DA:22,0
DA:24,0
DA:25,0
DA:34,0
DA:35,0
DA:39,0
DA:40,0
DA:48,0
DA:54,0
DA:56,0
DA:57,0
DA:62,0
DA:63,0
DA:65,0
DA:74,0
DA:76,0
DA:77,0
DA:78,0
DA:84,0
DA:85,0
DA:93,0
DA:94,0
DA:96,0
DA:98,0
DA:102,0
DA:103,0
DA:105,0
DA:107,0
DA:109,0
DA:113,0
DA:115,0
DA:116,0
DA:117,0
DA:118,0
DA:121,0
DA:122,0
DA:123,0
DA:125,0
DA:127,0
DA:128,0
DA:130,0
DA:133,0
DA:137,0
DA:140,0
DA:143,0
DA:145,0
DA:148,0
DA:154,0
DA:157,0
DA:158,0
DA:160,0
DA:162,0
DA:164,0
DA:168,0
DA:169,0
DA:171,0
DA:173,0
DA:174,0
DA:176,0
DA:178,0
DA:179,0
DA:182,0
DA:186,0
DA:190,0
DA:193,0
DA:197,0
DA:200,0
DA:201,0
DA:202,0
DA:203,0
DA:206,0
DA:207,0
DA:208,0
DA:210,0
DA:211,0
DA:212,0
DA:214,0
DA:215,0
DA:217,0
DA:218,0
DA:220,0
DA:221,0
DA:222,0
DA:224,0
DA:225,0
DA:226,0
LF:97
LH:0
BRDA:8,0,0,0
BRDA:8,0,1,0
BRDA:15,1,0,0
BRDA:15,1,1,0
BRDA:22,2,0,0
BRDA:22,2,1,0
BRDA:24,3,0,0
BRDA:24,3,1,0
BRDA:34,4,0,0
BRDA:34,4,1,0
BRDA:56,5,0,0
BRDA:56,5,1,0
BRDA:63,6,0,0
BRDA:63,6,1,0
BRDA:76,7,0,0
BRDA:76,7,1,0
BRDA:77,8,0,0
BRDA:77,8,1,0
BRDA:85,9,0,0
BRDA:85,9,1,0
BRDA:85,9,2,0
BRDA:85,9,3,0
BRDA:85,9,4,0
BRDA:85,9,5,0
BRDA:96,10,0,0
BRDA:96,10,1,0
BRDA:98,11,0,0
BRDA:98,11,1,0
BRDA:105,12,0,0
BRDA:105,12,1,0
BRDA:107,13,0,0
BRDA:107,13,1,0
BRDA:109,14,0,0
BRDA:109,14,1,0
BRDA:118,15,0,0
BRDA:118,15,1,0
BRDA:123,16,0,0
BRDA:123,16,1,0
BRDA:130,17,0,0
BRDA:130,17,1,0
BRDA:133,18,0,0
BRDA:133,18,1,0
BRDA:137,19,0,0
BRDA:137,19,1,0
BRDA:145,20,0,0
BRDA:145,20,1,0
BRDA:150,21,0,0
BRDA:150,21,1,0
BRDA:160,22,0,0
BRDA:160,22,1,0
BRDA:162,23,0,0
BRDA:162,23,1,0
BRDA:164,24,0,0
BRDA:164,24,1,0
BRDA:171,25,0,0
BRDA:171,25,1,0
BRDA:173,26,0,0
BRDA:173,26,1,0
BRDA:174,27,0,0
BRDA:174,27,1,0
BRDA:176,28,0,0
BRDA:176,28,1,0
BRDA:182,29,0,0
BRDA:182,29,1,0
BRDA:182,30,0,0
BRDA:182,30,1,0
BRDA:182,30,2,0
BRF:67
BRH:0
end_of_record
TN:
SF:src/smallgroups/group.js
FN:7,(anonymous_0)
FN:41,(anonymous_1)
FN:44,(anonymous_2)
FN:70,(anonymous_3)
FN:87,(anonymous_4)
FN:98,(anonymous_5)
FN:107,(anonymous_6)
FNF:7
FNH:7
FNDA:49,(anonymous_0)
FNDA:48,(anonymous_1)
FNDA:696,(anonymous_2)
FNDA:49,(anonymous_3)
FNDA:49,(anonymous_4)
FNDA:49,(anonymous_5)
FNDA:49,(anonymous_6)
DA:8,49
DA:9,49
DA:10,49
DA:11,49
DA:12,49
DA:13,49
DA:14,49
DA:15,49
DA:16,49
DA:17,49
DA:18,49
DA:19,49
DA:20,49
DA:21,49
DA:22,49
DA:23,49
DA:24,49
DA:25,49
DA:26,49
DA:27,49
DA:29,49
DA:30,49
DA:31,49
DA:32,49
DA:33,49
DA:34,49
DA:35,49
DA:43,48
DA:44,48
DA:45,696
DA:47,696
DA:49,93
DA:62,48
DA:71,49
DA:73,49
DA:74,48
DA:76,6
DA:79,46
DA:88,49
DA:90,6
DA:91,6
DA:92,6
DA:93,4
DA:95,2
DA:99,49
DA:109,49
DA:110,43
DA:112,42
DA:113,42
DA:116,42
DA:119,40
DA:120,5
DA:121,5
DA:124,37
LF:54
LH:54
BRDA:9,0,0,48
BRDA:9,0,1,1
BRDA:10,1,0,48
BRDA:10,1,1,1
BRDA:11,2,0,6
BRDA:11,2,1,43
BRDA:13,3,0,48
BRDA:13,3,1,1
BRDA:17,4,0,1
BRDA:17,4,1,48
BRDA:18,5,0,48
BRDA:18,5,1,1
BRDA:18,6,0,49
BRDA:18,6,1,49
BRDA:19,7,0,45
BRDA:19,7,1,4
BRDA:19,8,0,49
BRDA:19,8,1,6
BRDA:29,9,0,9
BRDA:29,9,1,40
BRDA:32,10,0,1
BRDA:32,10,1,48
BRDA:34,11,0,48
BRDA:34,11,1,1
BRDA:47,12,0,93
BRDA:47,12,1,603
BRDA:47,13,0,696
BRDA:47,13,1,464
BRDA:47,13,2,232
BRDA:62,14,0,47
BRDA:62,14,1,1
BRDA:73,15,0,1
BRDA:73,15,1,48
BRDA:74,16,0,6
BRDA:74,16,1,42
BRDA:76,17,0,2
BRDA:76,17,1,4
BRDA:88,18,0,43
BRDA:88,18,1,6
BRDA:92,19,0,2
BRDA:92,19,1,4
BRDA:93,20,0,2
BRDA:93,20,1,2
BRDA:99,21,0,49
BRDA:99,21,1,43
BRDA:99,21,2,43
BRDA:109,22,0,6
BRDA:109,22,1,43
BRDA:109,23,0,49
BRDA:109,23,1,47
BRDA:110,24,0,1
BRDA:110,24,1,42
BRDA:116,25,0,2
BRDA:116,25,1,40
BRDA:119,26,0,5
BRDA:119,26,1,35
BRDA:121,27,0,3
BRDA:121,27,1,2
BRF:58
BRH:58
end_of_record
